<!DOCTYPE html>

<html>
  <head>
  <meta charset='utf-8'>
  <title>TestNG reports</title>

    <link type="text/css" href="testng-reports.css" rel="stylesheet" />
    <script type="text/javascript" src="jquery-1.7.1.min.js"></script>
    <script type="text/javascript" src="testng-reports.js"></script>
    <script type="text/javascript" src="https://www.google.com/jsapi"></script>
    <script type='text/javascript'>
      google.load('visualization', '1', {packages:['table']});
      google.setOnLoadCallback(drawTable);
      var suiteTableInitFunctions = new Array();
      var suiteTableData = new Array();
    </script>
    <!--
      <script type="text/javascript" src="jquery-ui/js/jquery-ui-1.8.16.custom.min.js"></script>
     -->
  </head>

  <body>
    <div class="top-banner-root">
      <span class="top-banner-title-font">Test results</span>
      <br/>
      <span class="top-banner-font-1">1 suite, 7 failed tests</span>
    </div> <!-- top-banner-root -->
    <div class="navigator-root">
      <div class="navigator-suite-header">
        <span>All suites</span>
        <a href="#" class="collapse-all-link" title="Collapse/expand all the suites">
          <img class="collapse-all-icon" src="collapseall.gif">
          </img> <!-- collapse-all-icon -->
        </a> <!-- collapse-all-link -->
      </div> <!-- navigator-suite-header -->
      <div class="suite">
        <div class="rounded-window">
          <div class="suite-header light-rounded-window-top">
            <a href="#" class="navigator-link" panel-name="suite-FreeCRMTestCases">
              <span class="suite-name border-failed">FreeCRMTestCases</span>
            </a> <!-- navigator-link -->
          </div> <!-- suite-header light-rounded-window-top -->
          <div class="navigator-suite-content">
            <div class="suite-section-title">
              <span>Info</span>
            </div> <!-- suite-section-title -->
            <div class="suite-section-content">
              <ul>
                <li>
                  <a href="#" class="navigator-link " panel-name="test-xml-FreeCRMTestCases">
                    <span>C:\Users\Harshita\eclipse-workspace\FreeCRMopen\testng.xml</span>
                  </a> <!-- navigator-link  -->
                </li>
                <li>
                  <a href="#" class="navigator-link " panel-name="testlist-FreeCRMTestCases">
                    <span class="test-stats">1 test</span>
                  </a> <!-- navigator-link  -->
                </li>
                <li>
                  <a href="#" class="navigator-link " panel-name="group-FreeCRMTestCases">
                    <span>0 groups</span>
                  </a> <!-- navigator-link  -->
                </li>
                <li>
                  <a href="#" class="navigator-link " panel-name="times-FreeCRMTestCases">
                    <span>Times</span>
                  </a> <!-- navigator-link  -->
                </li>
                <li>
                  <a href="#" class="navigator-link " panel-name="reporter-FreeCRMTestCases">
                    <span>Reporter output</span>
                  </a> <!-- navigator-link  -->
                </li>
                <li>
                  <a href="#" class="navigator-link " panel-name="ignored-methods-FreeCRMTestCases">
                    <span>Ignored methods</span>
                  </a> <!-- navigator-link  -->
                </li>
                <li>
                  <a href="#" class="navigator-link " panel-name="chronological-FreeCRMTestCases">
                    <span>Chronological view</span>
                  </a> <!-- navigator-link  -->
                </li>
              </ul>
            </div> <!-- suite-section-content -->
            <div class="result-section">
              <div class="suite-section-title">
                <span>Results</span>
              </div> <!-- suite-section-title -->
              <div class="suite-section-content">
                <ul>
                  <li>
                    <span class="method-stats">19 methods, 7 failed,   12 passed</span>
                  </li>
                  <li>
                    <span class="method-list-title failed">Failed methods</span>
                    <span class="show-or-hide-methods failed">
                      <a href="#" panel-name="suite-FreeCRMTestCases" class="hide-methods failed suite-FreeCRMTestCases"> (hide)</a> <!-- hide-methods failed suite-FreeCRMTestCases -->
                      <a href="#" panel-name="suite-FreeCRMTestCases" class="show-methods failed suite-FreeCRMTestCases"> (show)</a> <!-- show-methods failed suite-FreeCRMTestCases -->
                    </span>
                    <div class="method-list-content failed suite-FreeCRMTestCases">
                      <span>
                        <img width="3%" src="failed.png"/>
                        <a href="#" class="method navigator-link" panel-name="suite-FreeCRMTestCases" title="com.crm.qa.TestCases.SignUpPageTest" hash-for-method="SignupPageTest(katie, hopton, kat@hotmail.com, kat@hotmail.com, shivakuma, Tuesday, Tuesday)">SignupPageTest(katie, hopton, kat@hotmail.com, kat@hotmail.com, shivakuma, Tuesday, Tuesday)</a> <!-- method navigator-link -->
                      </span>
                      <br/>
                      <span>
                        <img width="3%" src="failed.png"/>
                        <a href="#" class="method navigator-link" panel-name="suite-FreeCRMTestCases" title="com.crm.qa.TestCases.SignUpPageTest" hash-for-method="SignupPageTest(katie, hopton, kat@hotmail.com, kat@hotmail.com, goldplant, Wednesday, Wednesday)">SignupPageTest(katie, hopton, kat@hotmail.com, kat@hotmail.com, goldplant, Wednesday, Wednesday)</a> <!-- method navigator-link -->
                      </span>
                      <br/>
                      <span>
                        <img width="3%" src="failed.png"/>
                        <a href="#" class="method navigator-link" panel-name="suite-FreeCRMTestCases" title="com.crm.qa.TestCases.SignUpPageTest" hash-for-method="SignupPageTest(katie, hopton, kat@hotmail.com, kat@hotmail.com, summer, Monday1, Monday1)">SignupPageTest(katie, hopton, kat@hotmail.com, kat@hotmail.com, summer, Monday1, Monday1)</a> <!-- method navigator-link -->
                      </span>
                      <br/>
                      <span>
                        <img width="3%" src="failed.png"/>
                        <a href="#" class="method navigator-link" panel-name="suite-FreeCRMTestCases" title="com.crm.qa.TestCases.HomePageTest" hash-for-method="VerifyCorrectUserTest">VerifyCorrectUserTest</a> <!-- method navigator-link -->
                      </span>
                      <br/>
                      <span>
                        <img width="3%" src="failed.png"/>
                        <a href="#" class="method navigator-link" panel-name="suite-FreeCRMTestCases" title="com.crm.qa.TestCases.DocumentPageTest" hash-for-method="VerifyCreateNewDocTest">VerifyCreateNewDocTest</a> <!-- method navigator-link -->
                      </span>
                      <br/>
                      <span>
                        <img width="3%" src="failed.png"/>
                        <a href="#" class="method navigator-link" panel-name="suite-FreeCRMTestCases" title="com.crm.qa.TestCases.LoginFunTest" hash-for-method="VerifyLoginFunTest(£$%^&amp;*(, %^&amp;*(^&amp;*)">VerifyLoginFunTest(£$%^&*(, %^&*(^&*)</a> <!-- method navigator-link -->
                      </span>
                      <br/>
                      <span>
                        <img width="3%" src="failed.png"/>
                        <a href="#" class="method navigator-link" panel-name="suite-FreeCRMTestCases" title="com.crm.qa.TestCases.UpgradeAccountPageTest" hash-for-method="VerifyUpgradeAccountPageAlertTxtTest">VerifyUpgradeAccountPageAlertTxtTest</a> <!-- method navigator-link -->
                      </span>
                      <br/>
                    </div> <!-- method-list-content failed suite-FreeCRMTestCases -->
                  </li>
                  <li>
                    <span class="method-list-title passed">Passed methods</span>
                    <span class="show-or-hide-methods passed">
                      <a href="#" panel-name="suite-FreeCRMTestCases" class="hide-methods passed suite-FreeCRMTestCases"> (hide)</a> <!-- hide-methods passed suite-FreeCRMTestCases -->
                      <a href="#" panel-name="suite-FreeCRMTestCases" class="show-methods passed suite-FreeCRMTestCases"> (show)</a> <!-- show-methods passed suite-FreeCRMTestCases -->
                    </span>
                    <div class="method-list-content passed suite-FreeCRMTestCases">
                      <span>
                        <img width="3%" src="passed.png"/>
                        <a href="#" class="method navigator-link" panel-name="suite-FreeCRMTestCases" title="com.crm.qa.TestCases.ContactsPageTest" hash-for-method="ValidateCreateNewContactTest(kumari, sallu, TCS)">ValidateCreateNewContactTest(kumari, sallu, TCS)</a> <!-- method navigator-link -->
                      </span>
                      <br/>
                      <span>
                        <img width="3%" src="passed.png"/>
                        <a href="#" class="method navigator-link" panel-name="suite-FreeCRMTestCases" title="com.crm.qa.TestCases.ContactsPageTest" hash-for-method="ValidateCreateNewContactTest(satish, singh, wipro)">ValidateCreateNewContactTest(satish, singh, wipro)</a> <!-- method navigator-link -->
                      </span>
                      <br/>
                      <span>
                        <img width="3%" src="passed.png"/>
                        <a href="#" class="method navigator-link" panel-name="suite-FreeCRMTestCases" title="com.crm.qa.TestCases.LoginPageTest" hash-for-method="VerifyContactLnkTest">VerifyContactLnkTest</a> <!-- method navigator-link -->
                      </span>
                      <br/>
                      <span>
                        <img width="3%" src="passed.png"/>
                        <a href="#" class="method navigator-link" panel-name="suite-FreeCRMTestCases" title="com.crm.qa.TestCases.HomePageTest" hash-for-method="VerifyContactsLinkTest">VerifyContactsLinkTest</a> <!-- method navigator-link -->
                      </span>
                      <br/>
                      <span>
                        <img width="3%" src="passed.png"/>
                        <a href="#" class="method navigator-link" panel-name="suite-FreeCRMTestCases" title="com.crm.qa.TestCases.HomePageTest" hash-for-method="VerifyHomepageTitleTest">VerifyHomepageTitleTest</a> <!-- method navigator-link -->
                      </span>
                      <br/>
                      <span>
                        <img width="3%" src="passed.png"/>
                        <a href="#" class="method navigator-link" panel-name="suite-FreeCRMTestCases" title="com.crm.qa.TestCases.LoginFunTest" hash-for-method="VerifyLoginFunTest(jyothi12345, kundana23)">VerifyLoginFunTest(jyothi12345, kundana23)</a> <!-- method navigator-link -->
                      </span>
                      <br/>
                      <span>
                        <img width="3%" src="passed.png"/>
                        <a href="#" class="method navigator-link" panel-name="suite-FreeCRMTestCases" title="com.crm.qa.TestCases.LoginFunTest" hash-for-method="VerifyLoginFunTest(katiehopton1, monday1)">VerifyLoginFunTest(katiehopton1, monday1)</a> <!-- method navigator-link -->
                      </span>
                      <br/>
                      <span>
                        <img width="3%" src="passed.png"/>
                        <a href="#" class="method navigator-link" panel-name="suite-FreeCRMTestCases" title="com.crm.qa.TestCases.HelpPageTest" hash-for-method="VerifyStarthereLnkTest">VerifyStarthereLnkTest</a> <!-- method navigator-link -->
                      </span>
                      <br/>
                      <span>
                        <img width="3%" src="passed.png"/>
                        <a href="#" class="method navigator-link" panel-name="suite-FreeCRMTestCases" title="com.crm.qa.TestCases.UpgradeAccountPageTest" hash-for-method="VerifyUpgradeAccountPageAlertAcceptTest">VerifyUpgradeAccountPageAlertAcceptTest</a> <!-- method navigator-link -->
                      </span>
                      <br/>
                      <span>
                        <img width="3%" src="passed.png"/>
                        <a href="#" class="method navigator-link" panel-name="suite-FreeCRMTestCases" title="com.crm.qa.TestCases.UpgradeAccountPageTest" hash-for-method="VerifyUpgradeAccountPageHeadingtxtTest">VerifyUpgradeAccountPageHeadingtxtTest</a> <!-- method navigator-link -->
                      </span>
                      <br/>
                      <span>
                        <img width="3%" src="passed.png"/>
                        <a href="#" class="method navigator-link" panel-name="suite-FreeCRMTestCases" title="com.crm.qa.TestCases.HelpPageTest" hash-for-method="verifyAdvancedTopicsLnkTest">verifyAdvancedTopicsLnkTest</a> <!-- method navigator-link -->
                      </span>
                      <br/>
                      <span>
                        <img width="3%" src="passed.png"/>
                        <a href="#" class="method navigator-link" panel-name="suite-FreeCRMTestCases" title="com.crm.qa.TestCases.HelpPageTest" hash-for-method="verifyHelpPageHeadingTest">verifyHelpPageHeadingTest</a> <!-- method navigator-link -->
                      </span>
                      <br/>
                    </div> <!-- method-list-content passed suite-FreeCRMTestCases -->
                  </li>
                </ul>
              </div> <!-- suite-section-content -->
            </div> <!-- result-section -->
          </div> <!-- navigator-suite-content -->
        </div> <!-- rounded-window -->
      </div> <!-- suite -->
    </div> <!-- navigator-root -->
    <div class="wrapper">
      <div class="main-panel-root">
        <div panel-name="suite-FreeCRMTestCases" class="panel FreeCRMTestCases">
          <div class="suite-FreeCRMTestCases-class-failed">
            <div class="main-panel-header rounded-window-top">
              <img src="failed.png"/>
              <span class="class-name">com.crm.qa.TestCases.HomePageTest</span>
            </div> <!-- main-panel-header rounded-window-top -->
            <div class="main-panel-content rounded-window-bottom">
              <div class="method">
                <div class="method-content">
                  <a name="VerifyCorrectUserTest">
                  </a> <!-- VerifyCorrectUserTest -->
                  <span class="method-name">VerifyCorrectUserTest</span>
                  <div class="stack-trace">org.openqa.selenium.TimeoutException: Expected condition failed: waiting for presence of element located by: By.xpath: //td[contains(text(),&apos;User: siva jyothi&apos;)] (tried for 60 second(s) with 500 milliseconds interval)
	at org.openqa.selenium.support.ui.WebDriverWait.timeoutException(WebDriverWait.java:81)
	at org.openqa.selenium.support.ui.FluentWait.until(FluentWait.java:271)
	at com.crm.qa.pages.HomePage.VerifyCorrectUserName(HomePage.java:47)
	at com.crm.qa.TestCases.HomePageTest.VerifyCorrectUserTest(HomePageTest.java:39)
Caused by: org.openqa.selenium.NoSuchElementException: Cannot locate an element using By.xpath: //td[contains(text(),&apos;User: siva jyothi&apos;)]
For documentation on this error, please visit: http://seleniumhq.org/exceptions/no_such_element.html
Build info: version: &apos;3.12.0&apos;, revision: &apos;7c6e0b3&apos;, time: &apos;2018-05-08T15:15:03.216Z&apos;
System info: host: &apos;LAPTOP-E765NF1G&apos;, ip: &apos;192.168.0.6&apos;, os.name: &apos;Windows 10&apos;, os.arch: &apos;amd64&apos;, os.version: &apos;10.0&apos;, java.version: &apos;1.8.0_162&apos;
Driver info: driver.version: unknown
	at org.openqa.selenium.support.ui.ExpectedConditions.lambda$findElement$0(ExpectedConditions.java:896)
	at java.util.Optional.orElseThrow(Unknown Source)
	at org.openqa.selenium.support.ui.ExpectedConditions.findElement(ExpectedConditions.java:895)
	at org.openqa.selenium.support.ui.ExpectedConditions.access$000(ExpectedConditions.java:44)
	at org.openqa.selenium.support.ui.ExpectedConditions$6.apply(ExpectedConditions.java:183)
	at org.openqa.selenium.support.ui.ExpectedConditions$6.apply(ExpectedConditions.java:180)
	at org.openqa.selenium.support.ui.FluentWait.until(FluentWait.java:248)
	... 27 more
... Removed 25 stack frames
</div> <!-- stack-trace -->
                </div> <!-- method-content -->
              </div> <!-- method -->
            </div> <!-- main-panel-content rounded-window-bottom -->
          </div> <!-- suite-FreeCRMTestCases-class-failed -->
          <div class="suite-FreeCRMTestCases-class-failed">
            <div class="main-panel-header rounded-window-top">
              <img src="failed.png"/>
              <span class="class-name">com.crm.qa.TestCases.UpgradeAccountPageTest</span>
            </div> <!-- main-panel-header rounded-window-top -->
            <div class="main-panel-content rounded-window-bottom">
              <div class="method">
                <div class="method-content">
                  <a name="VerifyUpgradeAccountPageAlertTxtTest">
                  </a> <!-- VerifyUpgradeAccountPageAlertTxtTest -->
                  <span class="method-name">VerifyUpgradeAccountPageAlertTxtTest</span>
                  <div class="stack-trace">java.lang.AssertionError: expected [true] but found [false]
	at com.crm.qa.TestCases.UpgradeAccountPageTest.VerifyUpgradeAccountPageAlertTxtTest(UpgradeAccountPageTest.java:42)
... Removed 29 stack frames
</div> <!-- stack-trace -->
                </div> <!-- method-content -->
              </div> <!-- method -->
            </div> <!-- main-panel-content rounded-window-bottom -->
          </div> <!-- suite-FreeCRMTestCases-class-failed -->
          <div class="suite-FreeCRMTestCases-class-failed">
            <div class="main-panel-header rounded-window-top">
              <img src="failed.png"/>
              <span class="class-name">com.crm.qa.TestCases.DocumentPageTest</span>
            </div> <!-- main-panel-header rounded-window-top -->
            <div class="main-panel-content rounded-window-bottom">
              <div class="method">
                <div class="method-content">
                  <a name="VerifyCreateNewDocTest">
                  </a> <!-- VerifyCreateNewDocTest -->
                  <span class="method-name">VerifyCreateNewDocTest</span>
                  <div class="stack-trace">java.lang.NullPointerException
	at org.openqa.selenium.support.events.EventFiringWebDriver.extractInterfaces(EventFiringWebDriver.java:118)
	at org.openqa.selenium.support.events.EventFiringWebDriver.access$300(EventFiringWebDriver.java:67)
	at org.openqa.selenium.support.events.EventFiringWebDriver$EventFiringWebElement.&lt;init&gt;(EventFiringWebDriver.java:365)
	at org.openqa.selenium.support.events.EventFiringWebDriver$EventFiringWebElement.&lt;init&gt;(EventFiringWebDriver.java:357)
	at org.openqa.selenium.support.events.EventFiringWebDriver.createWebElement(EventFiringWebDriver.java:308)
	at org.openqa.selenium.support.events.EventFiringWebDriver.findElement(EventFiringWebDriver.java:188)
	at com.crm.qa.TestCases.DocumentPageTest.VerifyCreateNewDocTest(DocumentPageTest.java:40)
... Removed 25 stack frames
</div> <!-- stack-trace -->
                </div> <!-- method-content -->
              </div> <!-- method -->
            </div> <!-- main-panel-content rounded-window-bottom -->
          </div> <!-- suite-FreeCRMTestCases-class-failed -->
          <div class="suite-FreeCRMTestCases-class-failed">
            <div class="main-panel-header rounded-window-top">
              <img src="failed.png"/>
              <span class="class-name">com.crm.qa.TestCases.LoginFunTest</span>
            </div> <!-- main-panel-header rounded-window-top -->
            <div class="main-panel-content rounded-window-bottom">
              <div class="method">
                <div class="method-content">
                  <a name="VerifyLoginFunTest(£$%^&amp;*(, %^&amp;*(^&amp;*)">
                  </a> <!-- VerifyLoginFunTest(£$%^&*(, %^&*(^&*) -->
                  <span class="method-name">VerifyLoginFunTest</span>
                  <span class="parameters">(£$%^&*(, %^&*(^&*)</span>
                  <div class="stack-trace">org.openqa.selenium.NoSuchFrameException: No frame element found by name or id mainpanel
Build info: version: &apos;3.12.0&apos;, revision: &apos;7c6e0b3&apos;, time: &apos;2018-05-08T15:15:03.216Z&apos;
System info: host: &apos;LAPTOP-E765NF1G&apos;, ip: &apos;192.168.0.6&apos;, os.name: &apos;Windows 10&apos;, os.arch: &apos;amd64&apos;, os.version: &apos;10.0&apos;, java.version: &apos;1.8.0_162&apos;
Driver info: driver.version: unknown
	at org.openqa.selenium.remote.RemoteWebDriver$RemoteTargetLocator.frame(RemoteWebDriver.java:876)
	at org.openqa.selenium.support.events.EventFiringWebDriver$EventFiringTargetLocator.frame(EventFiringWebDriver.java:626)
	at com.crm.qa.utils.TestUtils.switchtoframe(TestUtils.java:33)
	at com.crm.qa.TestCases.LoginFunTest.VerifyLoginFunTest(LoginFunTest.java:38)
... Removed 25 stack frames
</div> <!-- stack-trace -->
                </div> <!-- method-content -->
              </div> <!-- method -->
            </div> <!-- main-panel-content rounded-window-bottom -->
          </div> <!-- suite-FreeCRMTestCases-class-failed -->
          <div class="suite-FreeCRMTestCases-class-failed">
            <div class="main-panel-header rounded-window-top">
              <img src="failed.png"/>
              <span class="class-name">com.crm.qa.TestCases.SignUpPageTest</span>
            </div> <!-- main-panel-header rounded-window-top -->
            <div class="main-panel-content rounded-window-bottom">
              <div class="method">
                <div class="method-content">
                  <a name="SignupPageTest(katie, hopton, kat@hotmail.com, kat@hotmail.com, shivakuma, Tuesday, Tuesday)">
                  </a> <!-- SignupPageTest(katie, hopton, kat@hotmail.com, kat@hotmail.com, shivakuma, Tuesday, Tuesday) -->
                  <span class="method-name">SignupPageTest</span>
                  <span class="parameters">(katie, hopton, kat@hotmail.com, kat@hotmail.com, shivakuma, Tuesday, Tuesday)</span>
                  <div class="stack-trace">org.openqa.selenium.UnhandledAlertException: unexpected alert open: {Alert text : Errors were encountered: 

This username is already in use by another user. Please select a different username.
}
  (Session info: chrome=67.0.3396.99)
  (Driver info: chromedriver=2.36.540470 (e522d04694c7ebea4ba8821272dbef4f9b818c91),platform=Windows NT 10.0.17134 x86_64) (WARNING: The server did not provide any stacktrace information)
Command duration or timeout: 0 milliseconds: null
Build info: version: &apos;3.12.0&apos;, revision: &apos;7c6e0b3&apos;, time: &apos;2018-05-08T15:15:03.216Z&apos;
System info: host: &apos;LAPTOP-E765NF1G&apos;, ip: &apos;192.168.0.6&apos;, os.name: &apos;Windows 10&apos;, os.arch: &apos;amd64&apos;, os.version: &apos;10.0&apos;, java.version: &apos;1.8.0_162&apos;
Driver info: org.openqa.selenium.chrome.ChromeDriver
Capabilities {acceptInsecureCerts: false, acceptSslCerts: false, applicationCacheEnabled: false, browserConnectionEnabled: false, browserName: chrome, chrome: {chromedriverVersion: 2.36.540470 (e522d04694c7eb..., userDataDir: C:\Users\Harshita\AppData\L...}, cssSelectorsEnabled: true, databaseEnabled: false, handlesAlerts: true, hasTouchScreen: false, javascriptEnabled: true, locationContextEnabled: true, mobileEmulationEnabled: false, nativeEvents: true, networkConnectionEnabled: false, pageLoadStrategy: normal, platform: XP, platformName: XP, rotatable: false, setWindowRect: true, takesHeapSnapshot: true, takesScreenshot: true, unexpectedAlertBehaviour: , unhandledPromptBehavior: , version: 67.0.3396.99, webStorageEnabled: true}
Session ID: 9ca76a3dc94d69563c83f698a1a658f8
*** Element info: {Using=id, value=company_name}
	at org.openqa.selenium.remote.ErrorHandler.createThrowable(ErrorHandler.java:214)
	at org.openqa.selenium.remote.ErrorHandler.throwIfResponseFailed(ErrorHandler.java:172)
	at org.openqa.selenium.remote.http.JsonHttpResponseCodec.reconstructValue(JsonHttpResponseCodec.java:40)
	at org.openqa.selenium.remote.http.AbstractHttpResponseCodec.decode(AbstractHttpResponseCodec.java:80)
	at org.openqa.selenium.remote.http.AbstractHttpResponseCodec.decode(AbstractHttpResponseCodec.java:44)
	at org.openqa.selenium.remote.HttpCommandExecutor.execute(HttpCommandExecutor.java:158)
	at org.openqa.selenium.remote.service.DriverCommandExecutor.execute(DriverCommandExecutor.java:83)
	at org.openqa.selenium.remote.RemoteWebDriver.execute(RemoteWebDriver.java:543)
	at org.openqa.selenium.remote.RemoteWebDriver.findElement(RemoteWebDriver.java:317)
	at org.openqa.selenium.remote.RemoteWebDriver.findElementById(RemoteWebDriver.java:363)
	at org.openqa.selenium.By$ById.findElement(By.java:188)
	at org.openqa.selenium.remote.RemoteWebDriver.findElement(RemoteWebDriver.java:309)
	at org.openqa.selenium.support.events.EventFiringWebDriver.lambda$new$1(EventFiringWebDriver.java:103)
	at com.sun.proxy.$Proxy12.findElement(Unknown Source)
	at org.openqa.selenium.support.events.EventFiringWebDriver.findElement(EventFiringWebDriver.java:186)
	at org.openqa.selenium.support.pagefactory.DefaultElementLocator.findElement(DefaultElementLocator.java:69)
	at org.openqa.selenium.support.pagefactory.internal.LocatingElementHandler.invoke(LocatingElementHandler.java:38)
	at com.sun.proxy.$Proxy10.sendKeys(Unknown Source)
	at com.crm.qa.pages.SignupPage.CreateCompanyDetails(SignupPage.java:64)
	at com.crm.qa.TestCases.SignUpPageTest.SignupPageTest(SignUpPageTest.java:53)
... Removed 32 stack frames
</div> <!-- stack-trace -->
                </div> <!-- method-content -->
              </div> <!-- method -->
              <div class="method">
                <div class="method-content">
                  <a name="SignupPageTest(katie, hopton, kat@hotmail.com, kat@hotmail.com, goldplant, Wednesday, Wednesday)">
                  </a> <!-- SignupPageTest(katie, hopton, kat@hotmail.com, kat@hotmail.com, goldplant, Wednesday, Wednesday) -->
                  <span class="method-name">SignupPageTest</span>
                  <span class="parameters">(katie, hopton, kat@hotmail.com, kat@hotmail.com, goldplant, Wednesday, Wednesday)</span>
                  <div class="stack-trace">org.openqa.selenium.UnhandledAlertException: unexpected alert open: {Alert text : Errors were encountered: 

This username is already in use by another user. Please select a different username.
}
  (Session info: chrome=67.0.3396.99)
  (Driver info: chromedriver=2.36.540470 (e522d04694c7ebea4ba8821272dbef4f9b818c91),platform=Windows NT 10.0.17134 x86_64) (WARNING: The server did not provide any stacktrace information)
Command duration or timeout: 0 milliseconds: null
Build info: version: &apos;3.12.0&apos;, revision: &apos;7c6e0b3&apos;, time: &apos;2018-05-08T15:15:03.216Z&apos;
System info: host: &apos;LAPTOP-E765NF1G&apos;, ip: &apos;192.168.0.6&apos;, os.name: &apos;Windows 10&apos;, os.arch: &apos;amd64&apos;, os.version: &apos;10.0&apos;, java.version: &apos;1.8.0_162&apos;
Driver info: org.openqa.selenium.chrome.ChromeDriver
Capabilities {acceptInsecureCerts: false, acceptSslCerts: false, applicationCacheEnabled: false, browserConnectionEnabled: false, browserName: chrome, chrome: {chromedriverVersion: 2.36.540470 (e522d04694c7eb..., userDataDir: C:\Users\Harshita\AppData\L...}, cssSelectorsEnabled: true, databaseEnabled: false, handlesAlerts: true, hasTouchScreen: false, javascriptEnabled: true, locationContextEnabled: true, mobileEmulationEnabled: false, nativeEvents: true, networkConnectionEnabled: false, pageLoadStrategy: normal, platform: XP, platformName: XP, rotatable: false, setWindowRect: true, takesHeapSnapshot: true, takesScreenshot: true, unexpectedAlertBehaviour: , unhandledPromptBehavior: , version: 67.0.3396.99, webStorageEnabled: true}
Session ID: baeabab9412019ea3317c7b703f6bc15
*** Element info: {Using=id, value=company_name}
	at org.openqa.selenium.remote.ErrorHandler.createThrowable(ErrorHandler.java:214)
	at org.openqa.selenium.remote.ErrorHandler.throwIfResponseFailed(ErrorHandler.java:172)
	at org.openqa.selenium.remote.http.JsonHttpResponseCodec.reconstructValue(JsonHttpResponseCodec.java:40)
	at org.openqa.selenium.remote.http.AbstractHttpResponseCodec.decode(AbstractHttpResponseCodec.java:80)
	at org.openqa.selenium.remote.http.AbstractHttpResponseCodec.decode(AbstractHttpResponseCodec.java:44)
	at org.openqa.selenium.remote.HttpCommandExecutor.execute(HttpCommandExecutor.java:158)
	at org.openqa.selenium.remote.service.DriverCommandExecutor.execute(DriverCommandExecutor.java:83)
	at org.openqa.selenium.remote.RemoteWebDriver.execute(RemoteWebDriver.java:543)
	at org.openqa.selenium.remote.RemoteWebDriver.findElement(RemoteWebDriver.java:317)
	at org.openqa.selenium.remote.RemoteWebDriver.findElementById(RemoteWebDriver.java:363)
	at org.openqa.selenium.By$ById.findElement(By.java:188)
	at org.openqa.selenium.remote.RemoteWebDriver.findElement(RemoteWebDriver.java:309)
	at org.openqa.selenium.support.events.EventFiringWebDriver.lambda$new$1(EventFiringWebDriver.java:103)
	at com.sun.proxy.$Proxy12.findElement(Unknown Source)
	at org.openqa.selenium.support.events.EventFiringWebDriver.findElement(EventFiringWebDriver.java:186)
	at org.openqa.selenium.support.pagefactory.DefaultElementLocator.findElement(DefaultElementLocator.java:69)
	at org.openqa.selenium.support.pagefactory.internal.LocatingElementHandler.invoke(LocatingElementHandler.java:38)
	at com.sun.proxy.$Proxy10.sendKeys(Unknown Source)
	at com.crm.qa.pages.SignupPage.CreateCompanyDetails(SignupPage.java:64)
	at com.crm.qa.TestCases.SignUpPageTest.SignupPageTest(SignUpPageTest.java:53)
... Removed 32 stack frames
</div> <!-- stack-trace -->
                </div> <!-- method-content -->
              </div> <!-- method -->
              <div class="method">
                <div class="method-content">
                  <a name="SignupPageTest(katie, hopton, kat@hotmail.com, kat@hotmail.com, summer, Monday1, Monday1)">
                  </a> <!-- SignupPageTest(katie, hopton, kat@hotmail.com, kat@hotmail.com, summer, Monday1, Monday1) -->
                  <span class="method-name">SignupPageTest</span>
                  <span class="parameters">(katie, hopton, kat@hotmail.com, kat@hotmail.com, summer, Monday1, Monday1)</span>
                  <div class="stack-trace">org.openqa.selenium.UnhandledAlertException: unexpected alert open: {Alert text : Errors were encountered: 

This username is already in use by another user. Please select a different username.
}
  (Session info: chrome=67.0.3396.99)
  (Driver info: chromedriver=2.36.540470 (e522d04694c7ebea4ba8821272dbef4f9b818c91),platform=Windows NT 10.0.17134 x86_64) (WARNING: The server did not provide any stacktrace information)
Command duration or timeout: 0 milliseconds: null
Build info: version: &apos;3.12.0&apos;, revision: &apos;7c6e0b3&apos;, time: &apos;2018-05-08T15:15:03.216Z&apos;
System info: host: &apos;LAPTOP-E765NF1G&apos;, ip: &apos;192.168.0.6&apos;, os.name: &apos;Windows 10&apos;, os.arch: &apos;amd64&apos;, os.version: &apos;10.0&apos;, java.version: &apos;1.8.0_162&apos;
Driver info: org.openqa.selenium.chrome.ChromeDriver
Capabilities {acceptInsecureCerts: false, acceptSslCerts: false, applicationCacheEnabled: false, browserConnectionEnabled: false, browserName: chrome, chrome: {chromedriverVersion: 2.36.540470 (e522d04694c7eb..., userDataDir: C:\Users\Harshita\AppData\L...}, cssSelectorsEnabled: true, databaseEnabled: false, handlesAlerts: true, hasTouchScreen: false, javascriptEnabled: true, locationContextEnabled: true, mobileEmulationEnabled: false, nativeEvents: true, networkConnectionEnabled: false, pageLoadStrategy: normal, platform: XP, platformName: XP, rotatable: false, setWindowRect: true, takesHeapSnapshot: true, takesScreenshot: true, unexpectedAlertBehaviour: , unhandledPromptBehavior: , version: 67.0.3396.99, webStorageEnabled: true}
Session ID: 933ed780e655a844a0b4aabb8084527b
*** Element info: {Using=id, value=company_name}
	at org.openqa.selenium.remote.ErrorHandler.createThrowable(ErrorHandler.java:214)
	at org.openqa.selenium.remote.ErrorHandler.throwIfResponseFailed(ErrorHandler.java:172)
	at org.openqa.selenium.remote.http.JsonHttpResponseCodec.reconstructValue(JsonHttpResponseCodec.java:40)
	at org.openqa.selenium.remote.http.AbstractHttpResponseCodec.decode(AbstractHttpResponseCodec.java:80)
	at org.openqa.selenium.remote.http.AbstractHttpResponseCodec.decode(AbstractHttpResponseCodec.java:44)
	at org.openqa.selenium.remote.HttpCommandExecutor.execute(HttpCommandExecutor.java:158)
	at org.openqa.selenium.remote.service.DriverCommandExecutor.execute(DriverCommandExecutor.java:83)
	at org.openqa.selenium.remote.RemoteWebDriver.execute(RemoteWebDriver.java:543)
	at org.openqa.selenium.remote.RemoteWebDriver.findElement(RemoteWebDriver.java:317)
	at org.openqa.selenium.remote.RemoteWebDriver.findElementById(RemoteWebDriver.java:363)
	at org.openqa.selenium.By$ById.findElement(By.java:188)
	at org.openqa.selenium.remote.RemoteWebDriver.findElement(RemoteWebDriver.java:309)
	at org.openqa.selenium.support.events.EventFiringWebDriver.lambda$new$1(EventFiringWebDriver.java:103)
	at com.sun.proxy.$Proxy12.findElement(Unknown Source)
	at org.openqa.selenium.support.events.EventFiringWebDriver.findElement(EventFiringWebDriver.java:186)
	at org.openqa.selenium.support.pagefactory.DefaultElementLocator.findElement(DefaultElementLocator.java:69)
	at org.openqa.selenium.support.pagefactory.internal.LocatingElementHandler.invoke(LocatingElementHandler.java:38)
	at com.sun.proxy.$Proxy10.sendKeys(Unknown Source)
	at com.crm.qa.pages.SignupPage.CreateCompanyDetails(SignupPage.java:64)
	at com.crm.qa.TestCases.SignUpPageTest.SignupPageTest(SignUpPageTest.java:53)
... Removed 32 stack frames
</div> <!-- stack-trace -->
                </div> <!-- method-content -->
              </div> <!-- method -->
            </div> <!-- main-panel-content rounded-window-bottom -->
          </div> <!-- suite-FreeCRMTestCases-class-failed -->
          <div class="suite-FreeCRMTestCases-class-passed">
            <div class="main-panel-header rounded-window-top">
              <img src="passed.png"/>
              <span class="class-name">com.crm.qa.TestCases.HelpPageTest</span>
            </div> <!-- main-panel-header rounded-window-top -->
            <div class="main-panel-content rounded-window-bottom">
              <div class="method">
                <div class="method-content">
                  <a name="VerifyStarthereLnkTest">
                  </a> <!-- VerifyStarthereLnkTest -->
                  <span class="method-name">VerifyStarthereLnkTest</span>
                </div> <!-- method-content -->
              </div> <!-- method -->
              <div class="method">
                <div class="method-content">
                  <a name="verifyAdvancedTopicsLnkTest">
                  </a> <!-- verifyAdvancedTopicsLnkTest -->
                  <span class="method-name">verifyAdvancedTopicsLnkTest</span>
                </div> <!-- method-content -->
              </div> <!-- method -->
              <div class="method">
                <div class="method-content">
                  <a name="verifyHelpPageHeadingTest">
                  </a> <!-- verifyHelpPageHeadingTest -->
                  <span class="method-name">verifyHelpPageHeadingTest</span>
                </div> <!-- method-content -->
              </div> <!-- method -->
            </div> <!-- main-panel-content rounded-window-bottom -->
          </div> <!-- suite-FreeCRMTestCases-class-passed -->
          <div class="suite-FreeCRMTestCases-class-passed">
            <div class="main-panel-header rounded-window-top">
              <img src="passed.png"/>
              <span class="class-name">com.crm.qa.TestCases.HomePageTest</span>
            </div> <!-- main-panel-header rounded-window-top -->
            <div class="main-panel-content rounded-window-bottom">
              <div class="method">
                <div class="method-content">
                  <a name="VerifyContactsLinkTest">
                  </a> <!-- VerifyContactsLinkTest -->
                  <span class="method-name">VerifyContactsLinkTest</span>
                </div> <!-- method-content -->
              </div> <!-- method -->
              <div class="method">
                <div class="method-content">
                  <a name="VerifyHomepageTitleTest">
                  </a> <!-- VerifyHomepageTitleTest -->
                  <span class="method-name">VerifyHomepageTitleTest</span>
                </div> <!-- method-content -->
              </div> <!-- method -->
            </div> <!-- main-panel-content rounded-window-bottom -->
          </div> <!-- suite-FreeCRMTestCases-class-passed -->
          <div class="suite-FreeCRMTestCases-class-passed">
            <div class="main-panel-header rounded-window-top">
              <img src="passed.png"/>
              <span class="class-name">com.crm.qa.TestCases.ContactsPageTest</span>
            </div> <!-- main-panel-header rounded-window-top -->
            <div class="main-panel-content rounded-window-bottom">
              <div class="method">
                <div class="method-content">
                  <a name="ValidateCreateNewContactTest(kumari, sallu, TCS)">
                  </a> <!-- ValidateCreateNewContactTest(kumari, sallu, TCS) -->
                  <span class="method-name">ValidateCreateNewContactTest</span>
                  <span class="parameters">(kumari, sallu, TCS)</span>
                </div> <!-- method-content -->
              </div> <!-- method -->
              <div class="method">
                <div class="method-content">
                  <a name="ValidateCreateNewContactTest(satish, singh, wipro)">
                  </a> <!-- ValidateCreateNewContactTest(satish, singh, wipro) -->
                  <span class="method-name">ValidateCreateNewContactTest</span>
                  <span class="parameters">(satish, singh, wipro)</span>
                </div> <!-- method-content -->
              </div> <!-- method -->
            </div> <!-- main-panel-content rounded-window-bottom -->
          </div> <!-- suite-FreeCRMTestCases-class-passed -->
          <div class="suite-FreeCRMTestCases-class-passed">
            <div class="main-panel-header rounded-window-top">
              <img src="passed.png"/>
              <span class="class-name">com.crm.qa.TestCases.UpgradeAccountPageTest</span>
            </div> <!-- main-panel-header rounded-window-top -->
            <div class="main-panel-content rounded-window-bottom">
              <div class="method">
                <div class="method-content">
                  <a name="VerifyUpgradeAccountPageAlertAcceptTest">
                  </a> <!-- VerifyUpgradeAccountPageAlertAcceptTest -->
                  <span class="method-name">VerifyUpgradeAccountPageAlertAcceptTest</span>
                </div> <!-- method-content -->
              </div> <!-- method -->
              <div class="method">
                <div class="method-content">
                  <a name="VerifyUpgradeAccountPageHeadingtxtTest">
                  </a> <!-- VerifyUpgradeAccountPageHeadingtxtTest -->
                  <span class="method-name">VerifyUpgradeAccountPageHeadingtxtTest</span>
                </div> <!-- method-content -->
              </div> <!-- method -->
            </div> <!-- main-panel-content rounded-window-bottom -->
          </div> <!-- suite-FreeCRMTestCases-class-passed -->
          <div class="suite-FreeCRMTestCases-class-passed">
            <div class="main-panel-header rounded-window-top">
              <img src="passed.png"/>
              <span class="class-name">com.crm.qa.TestCases.LoginPageTest</span>
            </div> <!-- main-panel-header rounded-window-top -->
            <div class="main-panel-content rounded-window-bottom">
              <div class="method">
                <div class="method-content">
                  <a name="VerifyContactLnkTest">
                  </a> <!-- VerifyContactLnkTest -->
                  <span class="method-name">VerifyContactLnkTest</span>
                </div> <!-- method-content -->
              </div> <!-- method -->
            </div> <!-- main-panel-content rounded-window-bottom -->
          </div> <!-- suite-FreeCRMTestCases-class-passed -->
          <div class="suite-FreeCRMTestCases-class-passed">
            <div class="main-panel-header rounded-window-top">
              <img src="passed.png"/>
              <span class="class-name">com.crm.qa.TestCases.LoginFunTest</span>
            </div> <!-- main-panel-header rounded-window-top -->
            <div class="main-panel-content rounded-window-bottom">
              <div class="method">
                <div class="method-content">
                  <a name="VerifyLoginFunTest(jyothi12345, kundana23)">
                  </a> <!-- VerifyLoginFunTest(jyothi12345, kundana23) -->
                  <span class="method-name">VerifyLoginFunTest</span>
                  <span class="parameters">(jyothi12345, kundana23)</span>
                </div> <!-- method-content -->
              </div> <!-- method -->
              <div class="method">
                <div class="method-content">
                  <a name="VerifyLoginFunTest(katiehopton1, monday1)">
                  </a> <!-- VerifyLoginFunTest(katiehopton1, monday1) -->
                  <span class="method-name">VerifyLoginFunTest</span>
                  <span class="parameters">(katiehopton1, monday1)</span>
                </div> <!-- method-content -->
              </div> <!-- method -->
            </div> <!-- main-panel-content rounded-window-bottom -->
          </div> <!-- suite-FreeCRMTestCases-class-passed -->
        </div> <!-- panel FreeCRMTestCases -->
        <div panel-name="test-xml-FreeCRMTestCases" class="panel">
          <div class="main-panel-header rounded-window-top">
            <span class="header-content">C:\Users\Harshita\eclipse-workspace\FreeCRMopen\testng.xml</span>
          </div> <!-- main-panel-header rounded-window-top -->
          <div class="main-panel-content rounded-window-bottom">
            <pre>
&lt;?xml version=&quot;1.0&quot; encoding=&quot;UTF-8&quot;?&gt;
&lt;!DOCTYPE suite SYSTEM &quot;http://testng.org/testng-1.0.dtd&quot;&gt;
&lt;suite guice-stage=&quot;DEVELOPMENT&quot; name=&quot;FreeCRMTestCases&quot;&gt;
  &lt;test thread-count=&quot;5&quot; name=&quot;Test&quot;&gt;
    &lt;classes&gt;
      &lt;class name=&quot;com.crm.qa.TestCases.HelpPageTest&quot;/&gt;
      &lt;class name=&quot;com.crm.qa.TestCases.LoginPageTest&quot;/&gt;
      &lt;class name=&quot;com.crm.qa.TestCases.SignUpPageTest&quot;/&gt;
      &lt;class name=&quot;com.crm.qa.TestCases.TaskPageTest&quot;/&gt;
      &lt;class name=&quot;com.crm.qa.TestCases.UpgradeAccountPageTest&quot;/&gt;
      &lt;class name=&quot;com.crm.qa.TestCases.HomePageTest&quot;/&gt;
      &lt;class name=&quot;com.crm.qa.TestCases.ContactsPageTest&quot;/&gt;
      &lt;class name=&quot;com.crm.qa.TestCases.DocumentPageTest&quot;/&gt;
      &lt;class name=&quot;com.crm.qa.TestCases.LoginFunTest&quot;/&gt;
    &lt;/classes&gt;
  &lt;/test&gt; &lt;!-- Test --&gt;
&lt;/suite&gt; &lt;!-- FreeCRMTestCases --&gt;
            </pre>
          </div> <!-- main-panel-content rounded-window-bottom -->
        </div> <!-- panel -->
        <div panel-name="testlist-FreeCRMTestCases" class="panel">
          <div class="main-panel-header rounded-window-top">
            <span class="header-content">Tests for FreeCRMTestCases</span>
          </div> <!-- main-panel-header rounded-window-top -->
          <div class="main-panel-content rounded-window-bottom">
            <ul>
              <li>
                <span class="test-name">Test (9 classes)</span>
              </li>
            </ul>
          </div> <!-- main-panel-content rounded-window-bottom -->
        </div> <!-- panel -->
        <div panel-name="group-FreeCRMTestCases" class="panel">
          <div class="main-panel-header rounded-window-top">
            <span class="header-content">Groups for FreeCRMTestCases</span>
          </div> <!-- main-panel-header rounded-window-top -->
          <div class="main-panel-content rounded-window-bottom">
          </div> <!-- main-panel-content rounded-window-bottom -->
        </div> <!-- panel -->
        <div panel-name="times-FreeCRMTestCases" class="panel">
          <div class="main-panel-header rounded-window-top">
            <span class="header-content">Times for FreeCRMTestCases</span>
          </div> <!-- main-panel-header rounded-window-top -->
          <div class="main-panel-content rounded-window-bottom">
            <div class="times-div">
              <script type="text/javascript">
suiteTableInitFunctions.push('tableData_FreeCRMTestCases');
function tableData_FreeCRMTestCases() {
var data = new google.visualization.DataTable();
data.addColumn('number', 'Number');
data.addColumn('string', 'Method');
data.addColumn('string', 'Class');
data.addColumn('number', 'Time (ms)');
data.addRows(19);
data.setCell(0, 0, 0)
data.setCell(0, 1, 'VerifyLoginFunTest')
data.setCell(0, 2, 'com.crm.qa.TestCases.LoginFunTest')
data.setCell(0, 3, 123128);
data.setCell(1, 0, 1)
data.setCell(1, 1, 'VerifyCorrectUserTest')
data.setCell(1, 2, 'com.crm.qa.TestCases.HomePageTest')
data.setCell(1, 3, 60023);
data.setCell(2, 0, 2)
data.setCell(2, 1, 'VerifyLoginFunTest')
data.setCell(2, 2, 'com.crm.qa.TestCases.LoginFunTest')
data.setCell(2, 3, 12261);
data.setCell(3, 0, 3)
data.setCell(3, 1, 'SignupPageTest')
data.setCell(3, 2, 'com.crm.qa.TestCases.SignUpPageTest')
data.setCell(3, 3, 11410);
data.setCell(4, 0, 4)
data.setCell(4, 1, 'SignupPageTest')
data.setCell(4, 2, 'com.crm.qa.TestCases.SignUpPageTest')
data.setCell(4, 3, 11286);
data.setCell(5, 0, 5)
data.setCell(5, 1, 'SignupPageTest')
data.setCell(5, 2, 'com.crm.qa.TestCases.SignUpPageTest')
data.setCell(5, 3, 11057);
data.setCell(6, 0, 6)
data.setCell(6, 1, 'VerifyLoginFunTest')
data.setCell(6, 2, 'com.crm.qa.TestCases.LoginFunTest')
data.setCell(6, 3, 10416);
data.setCell(7, 0, 7)
data.setCell(7, 1, 'VerifyStarthereLnkTest')
data.setCell(7, 2, 'com.crm.qa.TestCases.HelpPageTest')
data.setCell(7, 3, 4610);
data.setCell(8, 0, 8)
data.setCell(8, 1, 'VerifyUpgradeAccountPageAlertTxtTest')
data.setCell(8, 2, 'com.crm.qa.TestCases.UpgradeAccountPageTest')
data.setCell(8, 3, 4425);
data.setCell(9, 0, 9)
data.setCell(9, 1, 'VerifyUpgradeAccountPageAlertAcceptTest')
data.setCell(9, 2, 'com.crm.qa.TestCases.UpgradeAccountPageTest')
data.setCell(9, 3, 4275);
data.setCell(10, 0, 10)
data.setCell(10, 1, 'VerifyContactLnkTest')
data.setCell(10, 2, 'com.crm.qa.TestCases.LoginPageTest')
data.setCell(10, 3, 3937);
data.setCell(11, 0, 11)
data.setCell(11, 1, 'verifyAdvancedTopicsLnkTest')
data.setCell(11, 2, 'com.crm.qa.TestCases.HelpPageTest')
data.setCell(11, 3, 3647);
data.setCell(12, 0, 12)
data.setCell(12, 1, 'VerifyCreateNewDocTest')
data.setCell(12, 2, 'com.crm.qa.TestCases.DocumentPageTest')
data.setCell(12, 3, 3574);
data.setCell(13, 0, 13)
data.setCell(13, 1, 'ValidateCreateNewContactTest')
data.setCell(13, 2, 'com.crm.qa.TestCases.ContactsPageTest')
data.setCell(13, 3, 3324);
data.setCell(14, 0, 14)
data.setCell(14, 1, 'ValidateCreateNewContactTest')
data.setCell(14, 2, 'com.crm.qa.TestCases.ContactsPageTest')
data.setCell(14, 3, 2415);
data.setCell(15, 0, 15)
data.setCell(15, 1, 'verifyHelpPageHeadingTest')
data.setCell(15, 2, 'com.crm.qa.TestCases.HelpPageTest')
data.setCell(15, 3, 1396);
data.setCell(16, 0, 16)
data.setCell(16, 1, 'VerifyUpgradeAccountPageHeadingtxtTest')
data.setCell(16, 2, 'com.crm.qa.TestCases.UpgradeAccountPageTest')
data.setCell(16, 3, 1242);
data.setCell(17, 0, 17)
data.setCell(17, 1, 'VerifyContactsLinkTest')
data.setCell(17, 2, 'com.crm.qa.TestCases.HomePageTest')
data.setCell(17, 3, 415);
data.setCell(18, 0, 18)
data.setCell(18, 1, 'VerifyHomepageTitleTest')
data.setCell(18, 2, 'com.crm.qa.TestCases.HomePageTest')
data.setCell(18, 3, 44);
window.suiteTableData['FreeCRMTestCases']= { tableData: data, tableDiv: 'times-div-FreeCRMTestCases'}
return data;
}
              </script>
              <span class="suite-total-time">Total running time: 4 minutes</span>
              <div id="times-div-FreeCRMTestCases">
              </div> <!-- times-div-FreeCRMTestCases -->
            </div> <!-- times-div -->
          </div> <!-- main-panel-content rounded-window-bottom -->
        </div> <!-- panel -->
        <div panel-name="reporter-FreeCRMTestCases" class="panel">
          <div class="main-panel-header rounded-window-top">
            <span class="header-content">Reporter output for FreeCRMTestCases</span>
          </div> <!-- main-panel-header rounded-window-top -->
          <div class="main-panel-content rounded-window-bottom">
          </div> <!-- main-panel-content rounded-window-bottom -->
        </div> <!-- panel -->
        <div panel-name="ignored-methods-FreeCRMTestCases" class="panel">
          <div class="main-panel-header rounded-window-top">
            <span class="header-content">13 ignored methods</span>
          </div> <!-- main-panel-header rounded-window-top -->
          <div class="main-panel-content rounded-window-bottom">
            <div class="ignored-class-div">
              <span class="ignored-class-name">com.crm.qa.TestCases.HomePageTest</span>
              <div class="ignored-methods-div">
                <span class="ignored-method-name">VerifyHelpLinkTest</span>
                <br/>
                <span class="ignored-method-name">VerifyUpgradeAccountLnkTest</span>
                <br/>
              </div> <!-- ignored-methods-div -->
            </div> <!-- ignored-class-div -->
            <div class="ignored-class-div">
              <span class="ignored-class-name">com.crm.qa.TestCases.ContactsPageTest</span>
              <div class="ignored-methods-div">
                <span class="ignored-method-name">VerifySelectAllContactsTest</span>
                <br/>
                <span class="ignored-method-name">VerifySelectContactByNameTest</span>
                <br/>
                <span class="ignored-method-name">VerifyContactsPageTest</span>
                <br/>
              </div> <!-- ignored-methods-div -->
            </div> <!-- ignored-class-div -->
            <div class="ignored-class-div">
              <span class="ignored-class-name">com.crm.qa.TestCases.LoginPageTest</span>
              <div class="ignored-methods-div">
                <span class="ignored-method-name">VerifyForgotPasswordLnkTest</span>
                <br/>
                <span class="ignored-method-name">VerifyPageScrollTest</span>
                <br/>
                <span class="ignored-method-name">VerifySendAMessageTest</span>
                <br/>
                <span class="ignored-method-name">loginPageTitleTest</span>
                <br/>
                <span class="ignored-method-name">loginTest</span>
                <br/>
                <span class="ignored-method-name">VerifyPricingLnkTest</span>
                <br/>
                <span class="ignored-method-name">VerifyFeaturesLnkTest</span>
                <br/>
                <span class="ignored-method-name">crmlogoTest</span>
                <br/>
              </div> <!-- ignored-methods-div -->
            </div> <!-- ignored-class-div -->
          </div> <!-- main-panel-content rounded-window-bottom -->
        </div> <!-- panel -->
        <div panel-name="chronological-FreeCRMTestCases" class="panel">
          <div class="main-panel-header rounded-window-top">
            <span class="header-content">Methods in chronological order</span>
          </div> <!-- main-panel-header rounded-window-top -->
          <div class="main-panel-content rounded-window-bottom">
            <div class="chronological-class">
              <div class="chronological-class-name">com.crm.qa.TestCases.HelpPageTest</div> <!-- chronological-class-name -->
              <div class="configuration-method before">
                <span class="method-name">setup</span>
                <span class="method-start">0 ms</span>
              </div> <!-- configuration-method before -->
              <div class="test-method">
                <span class="method-name">VerifyStarthereLnkTest</span>
                <span class="method-start">22822 ms</span>
              </div> <!-- test-method -->
              <div class="configuration-method after">
                <span class="method-name">tearDown([TestResult name=VerifyStarthereLnkTest status=SUCCESS method=HelpPageTest.VerifyStarthereLnkTest()[...)</span>
                <span class="method-start">27435 ms</span>
              </div> <!-- configuration-method after -->
              <div class="configuration-method before">
                <span class="method-name">setup</span>
                <span class="method-start">28558 ms</span>
              </div> <!-- configuration-method before -->
              <div class="test-method">
                <span class="method-name">verifyAdvancedTopicsLnkTest</span>
                <span class="method-start">48233 ms</span>
              </div> <!-- test-method -->
              <div class="configuration-method after">
                <span class="method-name">tearDown([TestResult name=verifyAdvancedTopicsLnkTest status=SUCCESS method=HelpPageTest.verifyAdvancedTopics...)</span>
                <span class="method-start">51882 ms</span>
              </div> <!-- configuration-method after -->
              <div class="configuration-method before">
                <span class="method-name">setup</span>
                <span class="method-start">53099 ms</span>
              </div> <!-- configuration-method before -->
              <div class="test-method">
                <span class="method-name">verifyHelpPageHeadingTest</span>
                <span class="method-start">66720 ms</span>
              </div> <!-- test-method -->
              <div class="configuration-method after">
                <span class="method-name">tearDown([TestResult name=verifyHelpPageHeadingTest status=SUCCESS method=HelpPageTest.verifyHelpPageHeadingT...)</span>
                <span class="method-start">68117 ms</span>
              </div> <!-- configuration-method after -->
            </div> <!-- chronological-class -->
            <div class="chronological-class">
              <div class="chronological-class-name">com.crm.qa.TestCases.LoginPageTest</div> <!-- chronological-class-name -->
              <div class="configuration-method before">
                <span class="method-name">setUp</span>
                <span class="method-start">69151 ms</span>
              </div> <!-- configuration-method before -->
              <div class="test-method">
                <span class="method-name">VerifyContactLnkTest</span>
                <span class="method-start">85106 ms</span>
              </div> <!-- test-method -->
              <div class="configuration-method after">
                <span class="method-name">tearDown([TestResult name=VerifyContactLnkTest status=SUCCESS method=LoginPageTest.VerifyContactLnkTest()[pri...)</span>
                <span class="method-start">89045 ms</span>
              </div> <!-- configuration-method after -->
            </div> <!-- chronological-class -->
            <div class="chronological-class">
              <div class="chronological-class-name">com.crm.qa.TestCases.SignUpPageTest</div> <!-- chronological-class-name -->
              <div class="configuration-method before">
                <span class="method-name">setUp</span>
                <span class="method-start">91448 ms</span>
              </div> <!-- configuration-method before -->
              <div class="test-method">
                <img src="failed.png">
                </img>
                <span class="method-name">SignupPageTest(katie, hopton, kat@hotmail.com, kat@hotmail.com, summer, Monday1, Monday1)</span>
                <span class="method-start">109300 ms</span>
              </div> <!-- test-method -->
              <div class="configuration-method after">
                <span class="method-name">teardown([TestResult name=SignupPageTest status=FAILURE method=SignUpPageTest.SignupPageTest(java.lang.String...)</span>
                <span class="method-start">120361 ms</span>
              </div> <!-- configuration-method after -->
              <div class="configuration-method before">
                <span class="method-name">setUp</span>
                <span class="method-start">120628 ms</span>
              </div> <!-- configuration-method before -->
              <div class="test-method">
                <img src="failed.png">
                </img>
                <span class="method-name">SignupPageTest(katie, hopton, kat@hotmail.com, kat@hotmail.com, shivakuma, Tuesday, Tuesday)</span>
                <span class="method-start">140663 ms</span>
              </div> <!-- test-method -->
              <div class="configuration-method after">
                <span class="method-name">teardown([TestResult name=SignupPageTest status=FAILURE method=SignUpPageTest.SignupPageTest(java.lang.String...)</span>
                <span class="method-start">151951 ms</span>
              </div> <!-- configuration-method after -->
              <div class="configuration-method before">
                <span class="method-name">setUp</span>
                <span class="method-start">152205 ms</span>
              </div> <!-- configuration-method before -->
              <div class="test-method">
                <img src="failed.png">
                </img>
                <span class="method-name">SignupPageTest(katie, hopton, kat@hotmail.com, kat@hotmail.com, goldplant, Wednesday, Wednesday)</span>
                <span class="method-start">170193 ms</span>
              </div> <!-- test-method -->
              <div class="configuration-method after">
                <span class="method-name">teardown([TestResult name=SignupPageTest status=FAILURE method=SignUpPageTest.SignupPageTest(java.lang.String...)</span>
                <span class="method-start">181606 ms</span>
              </div> <!-- configuration-method after -->
            </div> <!-- chronological-class -->
            <div class="chronological-class">
              <div class="chronological-class-name">com.crm.qa.TestCases.UpgradeAccountPageTest</div> <!-- chronological-class-name -->
              <div class="configuration-method before">
                <span class="method-name">setup</span>
                <span class="method-start">183875 ms</span>
              </div> <!-- configuration-method before -->
              <div class="test-method">
                <span class="method-name">VerifyUpgradeAccountPageAlertAcceptTest</span>
                <span class="method-start">202747 ms</span>
              </div> <!-- test-method -->
              <div class="configuration-method after">
                <span class="method-name">teardown([TestResult name=VerifyUpgradeAccountPageAlertAcceptTest status=SUCCESS method=UpgradeAccountPageTes...)</span>
                <span class="method-start">207024 ms</span>
              </div> <!-- configuration-method after -->
              <div class="configuration-method before">
                <span class="method-name">setup</span>
                <span class="method-start">207091 ms</span>
              </div> <!-- configuration-method before -->
              <div class="test-method">
                <img src="failed.png">
                </img>
                <span class="method-name">VerifyUpgradeAccountPageAlertTxtTest</span>
                <span class="method-start">226212 ms</span>
              </div> <!-- test-method -->
              <div class="configuration-method after">
                <span class="method-name">teardown([TestResult name=VerifyUpgradeAccountPageAlertTxtTest status=FAILURE method=UpgradeAccountPageTest.V...)</span>
                <span class="method-start">230639 ms</span>
              </div> <!-- configuration-method after -->
              <div class="configuration-method before">
                <span class="method-name">setup</span>
                <span class="method-start">230734 ms</span>
              </div> <!-- configuration-method before -->
              <div class="test-method">
                <span class="method-name">VerifyUpgradeAccountPageHeadingtxtTest</span>
                <span class="method-start">248422 ms</span>
              </div> <!-- test-method -->
              <div class="configuration-method after">
                <span class="method-name">teardown([TestResult name=VerifyUpgradeAccountPageHeadingtxtTest status=SUCCESS method=UpgradeAccountPageTest...)</span>
                <span class="method-start">249665 ms</span>
              </div> <!-- configuration-method after -->
            </div> <!-- chronological-class -->
            <div class="chronological-class">
              <div class="chronological-class-name">com.crm.qa.TestCases.HomePageTest</div> <!-- chronological-class-name -->
              <div class="configuration-method before">
                <span class="method-name">setUp</span>
                <span class="method-start">249750 ms</span>
              </div> <!-- configuration-method before -->
              <div class="test-method">
                <span class="method-name">VerifyContactsLinkTest</span>
                <span class="method-start">273337 ms</span>
              </div> <!-- test-method -->
              <div class="configuration-method after">
                <span class="method-name">tearDown([TestResult name=VerifyContactsLinkTest status=SUCCESS method=HomePageTest.VerifyContactsLinkTest()[...)</span>
                <span class="method-start">273753 ms</span>
              </div> <!-- configuration-method after -->
              <div class="configuration-method before">
                <span class="method-name">setUp</span>
                <span class="method-start">274992 ms</span>
              </div> <!-- configuration-method before -->
              <div class="test-method">
                <img src="failed.png">
                </img>
                <span class="method-name">VerifyCorrectUserTest</span>
                <span class="method-start">297059 ms</span>
              </div> <!-- test-method -->
              <div class="configuration-method after">
                <span class="method-name">tearDown([TestResult name=VerifyCorrectUserTest status=FAILURE method=HomePageTest.VerifyCorrectUserTest()[pr...)</span>
                <span class="method-start">357084 ms</span>
              </div> <!-- configuration-method after -->
              <div class="configuration-method before">
                <span class="method-name">setUp</span>
                <span class="method-start">358666 ms</span>
              </div> <!-- configuration-method before -->
              <div class="test-method">
                <span class="method-name">VerifyHomepageTitleTest</span>
                <span class="method-start">375933 ms</span>
              </div> <!-- test-method -->
              <div class="configuration-method after">
                <span class="method-name">tearDown([TestResult name=VerifyHomepageTitleTest status=SUCCESS method=HomePageTest.VerifyHomepageTitleTest(...)</span>
                <span class="method-start">375978 ms</span>
              </div> <!-- configuration-method after -->
            </div> <!-- chronological-class -->
            <div class="chronological-class">
              <div class="chronological-class-name">com.crm.qa.TestCases.ContactsPageTest</div> <!-- chronological-class-name -->
              <div class="configuration-method before">
                <span class="method-name">setUp</span>
                <span class="method-start">377618 ms</span>
              </div> <!-- configuration-method before -->
              <div class="test-method">
                <span class="method-name">ValidateCreateNewContactTest(kumari, sallu, TCS)</span>
                <span class="method-start">402201 ms</span>
              </div> <!-- test-method -->
              <div class="configuration-method after">
                <span class="method-name">teardown([TestResult name=ValidateCreateNewContactTest status=SUCCESS method=ContactsPageTest.ValidateCreateN...)</span>
                <span class="method-start">405527 ms</span>
              </div> <!-- configuration-method after -->
              <div class="configuration-method before">
                <span class="method-name">setUp</span>
                <span class="method-start">406137 ms</span>
              </div> <!-- configuration-method before -->
              <div class="test-method">
                <span class="method-name">ValidateCreateNewContactTest(satish, singh, wipro)</span>
                <span class="method-start">425497 ms</span>
              </div> <!-- test-method -->
              <div class="configuration-method after">
                <span class="method-name">teardown([TestResult name=ValidateCreateNewContactTest status=SUCCESS method=ContactsPageTest.ValidateCreateN...)</span>
                <span class="method-start">427913 ms</span>
              </div> <!-- configuration-method after -->
            </div> <!-- chronological-class -->
            <div class="chronological-class">
              <div class="chronological-class-name">com.crm.qa.TestCases.DocumentPageTest</div> <!-- chronological-class-name -->
              <div class="configuration-method before">
                <span class="method-name">setUp</span>
                <span class="method-start">428101 ms</span>
              </div> <!-- configuration-method before -->
              <div class="test-method">
                <img src="failed.png">
                </img>
                <span class="method-name">VerifyCreateNewDocTest</span>
                <span class="method-start">442195 ms</span>
              </div> <!-- test-method -->
              <div class="configuration-method after">
                <span class="method-name">tearDown([TestResult name=VerifyCreateNewDocTest status=FAILURE method=DocumentPageTest.VerifyCreateNewDocTes...)</span>
                <span class="method-start">445770 ms</span>
              </div> <!-- configuration-method after -->
            </div> <!-- chronological-class -->
            <div class="chronological-class">
              <div class="chronological-class-name">com.crm.qa.TestCases.LoginFunTest</div> <!-- chronological-class-name -->
              <div class="configuration-method before">
                <span class="method-name">setup</span>
                <span class="method-start">448684 ms</span>
              </div> <!-- configuration-method before -->
              <div class="test-method">
                <span class="method-name">VerifyLoginFunTest(jyothi12345, kundana23)</span>
                <span class="method-start">458071 ms</span>
              </div> <!-- test-method -->
              <div class="configuration-method after">
                <span class="method-name">teardown([TestResult name=VerifyLoginFunTest status=SUCCESS method=LoginFunTest.VerifyLoginFunTest(java.lang....)</span>
                <span class="method-start">468487 ms</span>
              </div> <!-- configuration-method after -->
              <div class="configuration-method before">
                <span class="method-name">setup</span>
                <span class="method-start">470710 ms</span>
              </div> <!-- configuration-method before -->
              <div class="test-method">
                <span class="method-name">VerifyLoginFunTest(katiehopton1, monday1)</span>
                <span class="method-start">478919 ms</span>
              </div> <!-- test-method -->
              <div class="configuration-method after">
                <span class="method-name">teardown([TestResult name=VerifyLoginFunTest status=SUCCESS method=LoginFunTest.VerifyLoginFunTest(java.lang....)</span>
                <span class="method-start">491181 ms</span>
              </div> <!-- configuration-method after -->
              <div class="configuration-method before">
                <span class="method-name">setup</span>
                <span class="method-start">492324 ms</span>
              </div> <!-- configuration-method before -->
              <div class="test-method">
                <img src="failed.png">
                </img>
                <span class="method-name">VerifyLoginFunTest(£$%^&*(, %^&*(^&*)</span>
                <span class="method-start">501048 ms</span>
              </div> <!-- test-method -->
              <div class="configuration-method after">
                <span class="method-name">teardown([TestResult name=VerifyLoginFunTest status=FAILURE method=LoginFunTest.VerifyLoginFunTest(java.lang....)</span>
                <span class="method-start">624179 ms</span>
              </div> <!-- configuration-method after -->
          </div> <!-- main-panel-content rounded-window-bottom -->
        </div> <!-- panel -->
      </div> <!-- main-panel-root -->
    </div> <!-- wrapper -->
  </body>
</html>
