<?xml version="1.0" encoding="UTF-8"?>
<testng-results skipped="0" failed="7" ignored="13" total="32" passed="12">
  <reporter-output>
  </reporter-output>
  <suite name="FreeCRMTestCases" duration-ms="625842" started-at="2018-07-04T13:11:51Z" finished-at="2018-07-04T13:22:17Z">
    <groups>
    </groups>
    <test name="Test" duration-ms="625842" started-at="2018-07-04T13:11:51Z" finished-at="2018-07-04T13:22:17Z">
      <class name="com.crm.qa.TestCases.DocumentPageTest">
        <test-method status="PASS" signature="setUp()[pri:0, instance:com.crm.qa.TestCases.DocumentPageTest@5f71c76a]" name="setUp" is-config="true" duration-ms="14094" started-at="2018-07-04T13:18:59Z" finished-at="2018-07-04T13:19:13Z">
          <reporter-output>
          </reporter-output>
        </test-method> <!-- setUp -->
        <test-method status="FAIL" signature="VerifyCreateNewDocTest()[pri:0, instance:com.crm.qa.TestCases.DocumentPageTest@5f71c76a]" name="VerifyCreateNewDocTest" duration-ms="3574" started-at="2018-07-04T13:19:13Z" finished-at="2018-07-04T13:19:17Z">
          <exception class="java.lang.NullPointerException">
            <full-stacktrace>
              <![CDATA[java.lang.NullPointerException
at org.openqa.selenium.support.events.EventFiringWebDriver.extractInterfaces(EventFiringWebDriver.java:118)
at org.openqa.selenium.support.events.EventFiringWebDriver.access$300(EventFiringWebDriver.java:67)
at org.openqa.selenium.support.events.EventFiringWebDriver$EventFiringWebElement.<init>(EventFiringWebDriver.java:365)
at org.openqa.selenium.support.events.EventFiringWebDriver$EventFiringWebElement.<init>(EventFiringWebDriver.java:357)
at org.openqa.selenium.support.events.EventFiringWebDriver.createWebElement(EventFiringWebDriver.java:308)
at org.openqa.selenium.support.events.EventFiringWebDriver.findElement(EventFiringWebDriver.java:188)
at com.crm.qa.TestCases.DocumentPageTest.VerifyCreateNewDocTest(DocumentPageTest.java:40)
at sun.reflect.NativeMethodAccessorImpl.invoke0(Native Method)
at sun.reflect.NativeMethodAccessorImpl.invoke(Unknown Source)
at sun.reflect.DelegatingMethodAccessorImpl.invoke(Unknown Source)
at java.lang.reflect.Method.invoke(Unknown Source)
at org.testng.internal.MethodInvocationHelper.invokeMethod(MethodInvocationHelper.java:124)
at org.testng.internal.Invoker.invokeMethod(Invoker.java:580)
at org.testng.internal.Invoker.invokeTestMethod(Invoker.java:716)
at org.testng.internal.Invoker.invokeTestMethods(Invoker.java:988)
at org.testng.internal.TestMethodWorker.invokeTestMethods(TestMethodWorker.java:125)
at org.testng.internal.TestMethodWorker.run(TestMethodWorker.java:109)
at org.testng.TestRunner.privateRun(TestRunner.java:648)
at org.testng.TestRunner.run(TestRunner.java:505)
at org.testng.SuiteRunner.runTest(SuiteRunner.java:455)
at org.testng.SuiteRunner.runSequentially(SuiteRunner.java:450)
at org.testng.SuiteRunner.privateRun(SuiteRunner.java:415)
at org.testng.SuiteRunner.run(SuiteRunner.java:364)
at org.testng.SuiteRunnerWorker.runSuite(SuiteRunnerWorker.java:52)
at org.testng.SuiteRunnerWorker.run(SuiteRunnerWorker.java:84)
at org.testng.TestNG.runSuitesSequentially(TestNG.java:1208)
at org.testng.TestNG.runSuitesLocally(TestNG.java:1137)
at org.testng.TestNG.runSuites(TestNG.java:1049)
at org.testng.TestNG.run(TestNG.java:1017)
at org.testng.remote.AbstractRemoteTestNG.run(AbstractRemoteTestNG.java:114)
at org.testng.remote.RemoteTestNG.initAndRun(RemoteTestNG.java:251)
at org.testng.remote.RemoteTestNG.main(RemoteTestNG.java:77)
]]>
            </full-stacktrace>
          </exception> <!-- java.lang.NullPointerException -->
          <reporter-output>
          </reporter-output>
        </test-method> <!-- VerifyCreateNewDocTest -->
        <test-method status="PASS" signature="tearDown(org.testng.ITestResult)[pri:0, instance:com.crm.qa.TestCases.DocumentPageTest@5f71c76a]" name="tearDown" is-config="true" duration-ms="2842" started-at="2018-07-04T13:19:17Z" finished-at="2018-07-04T13:19:20Z">
          <params>
            <param index="0">
              <value>
                <![CDATA[[TestResult name=VerifyCreateNewDocTest status=FAILURE method=DocumentPageTest.VerifyCreateNewDocTest()[pri:0, instance:com.crm.qa.TestCases.DocumentPageTest@5f71c76a] output={null}]]]>
              </value>
            </param>
          </params>
          <reporter-output>
          </reporter-output>
        </test-method> <!-- tearDown -->
      </class> <!-- com.crm.qa.TestCases.DocumentPageTest -->
      <class name="com.crm.qa.TestCases.LoginFunTest">
        <test-method status="PASS" signature="setup()[pri:0, instance:com.crm.qa.TestCases.LoginFunTest@1d7acb34]" name="setup" is-config="true" duration-ms="9387" started-at="2018-07-04T13:19:20Z" finished-at="2018-07-04T13:19:29Z">
          <reporter-output>
          </reporter-output>
        </test-method> <!-- setup -->
        <test-method status="PASS" signature="VerifyLoginFunTest(java.lang.String, java.lang.String)[pri:0, instance:com.crm.qa.TestCases.LoginFunTest@1d7acb34]" name="VerifyLoginFunTest" duration-ms="10416" started-at="2018-07-04T13:19:29Z" data-provider="Logintestdata" finished-at="2018-07-04T13:19:40Z">
          <params>
            <param index="0">
              <value>
                <![CDATA[jyothi12345]]>
              </value>
            </param>
            <param index="1">
              <value>
                <![CDATA[kundana23]]>
              </value>
            </param>
          </params>
          <reporter-output>
          </reporter-output>
        </test-method> <!-- VerifyLoginFunTest -->
        <test-method status="PASS" signature="teardown(org.testng.ITestResult)[pri:0, instance:com.crm.qa.TestCases.LoginFunTest@1d7acb34]" name="teardown" is-config="true" duration-ms="2223" started-at="2018-07-04T13:19:40Z" finished-at="2018-07-04T13:19:42Z">
          <params>
            <param index="0">
              <value>
                <![CDATA[[TestResult name=VerifyLoginFunTest status=SUCCESS method=LoginFunTest.VerifyLoginFunTest(java.lang.String, java.lang.String)[pri:0, instance:com.crm.qa.TestCases.LoginFunTest@1d7acb34] output={null}]]]>
              </value>
            </param>
          </params>
          <reporter-output>
          </reporter-output>
        </test-method> <!-- teardown -->
        <test-method status="PASS" signature="setup()[pri:0, instance:com.crm.qa.TestCases.LoginFunTest@1d7acb34]" name="setup" is-config="true" duration-ms="8209" started-at="2018-07-04T13:19:42Z" finished-at="2018-07-04T13:19:50Z">
          <reporter-output>
          </reporter-output>
        </test-method> <!-- setup -->
        <test-method status="PASS" signature="VerifyLoginFunTest(java.lang.String, java.lang.String)[pri:0, instance:com.crm.qa.TestCases.LoginFunTest@1d7acb34]" name="VerifyLoginFunTest" duration-ms="12261" started-at="2018-07-04T13:19:50Z" data-provider="Logintestdata" finished-at="2018-07-04T13:20:02Z">
          <params>
            <param index="0">
              <value>
                <![CDATA[katiehopton1]]>
              </value>
            </param>
            <param index="1">
              <value>
                <![CDATA[monday1]]>
              </value>
            </param>
          </params>
          <reporter-output>
          </reporter-output>
        </test-method> <!-- VerifyLoginFunTest -->
        <test-method status="PASS" signature="teardown(org.testng.ITestResult)[pri:0, instance:com.crm.qa.TestCases.LoginFunTest@1d7acb34]" name="teardown" is-config="true" duration-ms="1143" started-at="2018-07-04T13:20:02Z" finished-at="2018-07-04T13:20:03Z">
          <params>
            <param index="0">
              <value>
                <![CDATA[[TestResult name=VerifyLoginFunTest status=SUCCESS method=LoginFunTest.VerifyLoginFunTest(java.lang.String, java.lang.String)[pri:0, instance:com.crm.qa.TestCases.LoginFunTest@1d7acb34] output={null}]]]>
              </value>
            </param>
          </params>
          <reporter-output>
          </reporter-output>
        </test-method> <!-- teardown -->
        <test-method status="PASS" signature="setup()[pri:0, instance:com.crm.qa.TestCases.LoginFunTest@1d7acb34]" name="setup" is-config="true" duration-ms="8724" started-at="2018-07-04T13:20:03Z" finished-at="2018-07-04T13:20:12Z">
          <reporter-output>
          </reporter-output>
        </test-method> <!-- setup -->
        <test-method status="FAIL" signature="VerifyLoginFunTest(java.lang.String, java.lang.String)[pri:0, instance:com.crm.qa.TestCases.LoginFunTest@1d7acb34]" name="VerifyLoginFunTest" duration-ms="123128" started-at="2018-07-04T13:20:12Z" data-provider="Logintestdata" finished-at="2018-07-04T13:22:15Z">
          <params>
            <param index="0">
              <value>
                <![CDATA[Â£$%^&*(]]>
              </value>
            </param>
            <param index="1">
              <value>
                <![CDATA[%^&*(^&*]]>
              </value>
            </param>
          </params>
          <exception class="org.openqa.selenium.NoSuchFrameException">
            <message>
              <![CDATA[No frame element found by name or id mainpanel
Build info: version: '3.12.0', revision: '7c6e0b3', time: '2018-05-08T15:15:03.216Z'
System info: host: 'LAPTOP-E765NF1G', ip: '192.168.0.6', os.name: 'Windows 10', os.arch: 'amd64', os.version: '10.0', java.version: '1.8.0_162'
Driver info: driver.version: unknown]]>
            </message>
            <full-stacktrace>
              <![CDATA[org.openqa.selenium.NoSuchFrameException: No frame element found by name or id mainpanel
Build info: version: '3.12.0', revision: '7c6e0b3', time: '2018-05-08T15:15:03.216Z'
System info: host: 'LAPTOP-E765NF1G', ip: '192.168.0.6', os.name: 'Windows 10', os.arch: 'amd64', os.version: '10.0', java.version: '1.8.0_162'
Driver info: driver.version: unknown
at org.openqa.selenium.remote.RemoteWebDriver$RemoteTargetLocator.frame(RemoteWebDriver.java:876)
at org.openqa.selenium.support.events.EventFiringWebDriver$EventFiringTargetLocator.frame(EventFiringWebDriver.java:626)
at com.crm.qa.utils.TestUtils.switchtoframe(TestUtils.java:33)
at com.crm.qa.TestCases.LoginFunTest.VerifyLoginFunTest(LoginFunTest.java:38)
at sun.reflect.NativeMethodAccessorImpl.invoke0(Native Method)
at sun.reflect.NativeMethodAccessorImpl.invoke(Unknown Source)
at sun.reflect.DelegatingMethodAccessorImpl.invoke(Unknown Source)
at java.lang.reflect.Method.invoke(Unknown Source)
at org.testng.internal.MethodInvocationHelper.invokeMethod(MethodInvocationHelper.java:124)
at org.testng.internal.Invoker.invokeMethod(Invoker.java:580)
at org.testng.internal.Invoker.invokeTestMethod(Invoker.java:716)
at org.testng.internal.Invoker.invokeTestMethods(Invoker.java:988)
at org.testng.internal.TestMethodWorker.invokeTestMethods(TestMethodWorker.java:125)
at org.testng.internal.TestMethodWorker.run(TestMethodWorker.java:109)
at org.testng.TestRunner.privateRun(TestRunner.java:648)
at org.testng.TestRunner.run(TestRunner.java:505)
at org.testng.SuiteRunner.runTest(SuiteRunner.java:455)
at org.testng.SuiteRunner.runSequentially(SuiteRunner.java:450)
at org.testng.SuiteRunner.privateRun(SuiteRunner.java:415)
at org.testng.SuiteRunner.run(SuiteRunner.java:364)
at org.testng.SuiteRunnerWorker.runSuite(SuiteRunnerWorker.java:52)
at org.testng.SuiteRunnerWorker.run(SuiteRunnerWorker.java:84)
at org.testng.TestNG.runSuitesSequentially(TestNG.java:1208)
at org.testng.TestNG.runSuitesLocally(TestNG.java:1137)
at org.testng.TestNG.runSuites(TestNG.java:1049)
at org.testng.TestNG.run(TestNG.java:1017)
at org.testng.remote.AbstractRemoteTestNG.run(AbstractRemoteTestNG.java:114)
at org.testng.remote.RemoteTestNG.initAndRun(RemoteTestNG.java:251)
at org.testng.remote.RemoteTestNG.main(RemoteTestNG.java:77)
]]>
            </full-stacktrace>
          </exception> <!-- org.openqa.selenium.NoSuchFrameException -->
          <reporter-output>
          </reporter-output>
        </test-method> <!-- VerifyLoginFunTest -->
        <test-method status="PASS" signature="teardown(org.testng.ITestResult)[pri:0, instance:com.crm.qa.TestCases.LoginFunTest@1d7acb34]" name="teardown" is-config="true" duration-ms="1584" started-at="2018-07-04T13:22:15Z" finished-at="2018-07-04T13:22:17Z">
          <params>
            <param index="0">
              <value>
                <![CDATA[[TestResult name=VerifyLoginFunTest status=FAILURE method=LoginFunTest.VerifyLoginFunTest(java.lang.String, java.lang.String)[pri:0, instance:com.crm.qa.TestCases.LoginFunTest@1d7acb34] output={null}]]]>
              </value>
            </param>
          </params>
          <reporter-output>
          </reporter-output>
        </test-method> <!-- teardown -->
      </class> <!-- com.crm.qa.TestCases.LoginFunTest -->
      <class name="com.crm.qa.TestCases.UpgradeAccountPageTest">
        <test-method status="PASS" signature="setup()[pri:0, instance:com.crm.qa.TestCases.UpgradeAccountPageTest@17baae6e]" name="setup" is-config="true" duration-ms="18872" started-at="2018-07-04T13:14:55Z" finished-at="2018-07-04T13:15:14Z">
          <reporter-output>
          </reporter-output>
        </test-method> <!-- setup -->
        <test-method status="PASS" signature="VerifyUpgradeAccountPageAlertAcceptTest()[pri:0, instance:com.crm.qa.TestCases.UpgradeAccountPageTest@17baae6e]" name="VerifyUpgradeAccountPageAlertAcceptTest" duration-ms="4275" started-at="2018-07-04T13:15:14Z" finished-at="2018-07-04T13:15:18Z">
          <reporter-output>
          </reporter-output>
        </test-method> <!-- VerifyUpgradeAccountPageAlertAcceptTest -->
        <test-method status="PASS" signature="teardown(org.testng.ITestResult)[pri:0, instance:com.crm.qa.TestCases.UpgradeAccountPageTest@17baae6e]" name="teardown" is-config="true" duration-ms="67" started-at="2018-07-04T13:15:18Z" finished-at="2018-07-04T13:15:18Z">
          <params>
            <param index="0">
              <value>
                <![CDATA[[TestResult name=VerifyUpgradeAccountPageAlertAcceptTest status=SUCCESS method=UpgradeAccountPageTest.VerifyUpgradeAccountPageAlertAcceptTest()[pri:0, instance:com.crm.qa.TestCases.UpgradeAccountPageTest@17baae6e] output={null}]]]>
              </value>
            </param>
          </params>
          <reporter-output>
          </reporter-output>
        </test-method> <!-- teardown -->
        <test-method status="PASS" signature="setup()[pri:0, instance:com.crm.qa.TestCases.UpgradeAccountPageTest@17baae6e]" name="setup" is-config="true" duration-ms="19121" started-at="2018-07-04T13:15:18Z" finished-at="2018-07-04T13:15:37Z">
          <reporter-output>
          </reporter-output>
        </test-method> <!-- setup -->
        <test-method status="FAIL" signature="VerifyUpgradeAccountPageAlertTxtTest()[pri:0, instance:com.crm.qa.TestCases.UpgradeAccountPageTest@17baae6e]" name="VerifyUpgradeAccountPageAlertTxtTest" duration-ms="4425" started-at="2018-07-04T13:15:37Z" finished-at="2018-07-04T13:15:42Z">
          <exception class="java.lang.AssertionError">
            <message>
              <![CDATA[expected [true] but found [false]]]>
            </message>
            <full-stacktrace>
              <![CDATA[java.lang.AssertionError: expected [true] but found [false]
at org.testng.Assert.fail(Assert.java:96)
at org.testng.Assert.failNotEquals(Assert.java:776)
at org.testng.Assert.assertTrue(Assert.java:44)
at org.testng.Assert.assertTrue(Assert.java:54)
at com.crm.qa.TestCases.UpgradeAccountPageTest.VerifyUpgradeAccountPageAlertTxtTest(UpgradeAccountPageTest.java:42)
at sun.reflect.NativeMethodAccessorImpl.invoke0(Native Method)
at sun.reflect.NativeMethodAccessorImpl.invoke(Unknown Source)
at sun.reflect.DelegatingMethodAccessorImpl.invoke(Unknown Source)
at java.lang.reflect.Method.invoke(Unknown Source)
at org.testng.internal.MethodInvocationHelper.invokeMethod(MethodInvocationHelper.java:124)
at org.testng.internal.Invoker.invokeMethod(Invoker.java:580)
at org.testng.internal.Invoker.invokeTestMethod(Invoker.java:716)
at org.testng.internal.Invoker.invokeTestMethods(Invoker.java:988)
at org.testng.internal.TestMethodWorker.invokeTestMethods(TestMethodWorker.java:125)
at org.testng.internal.TestMethodWorker.run(TestMethodWorker.java:109)
at org.testng.TestRunner.privateRun(TestRunner.java:648)
at org.testng.TestRunner.run(TestRunner.java:505)
at org.testng.SuiteRunner.runTest(SuiteRunner.java:455)
at org.testng.SuiteRunner.runSequentially(SuiteRunner.java:450)
at org.testng.SuiteRunner.privateRun(SuiteRunner.java:415)
at org.testng.SuiteRunner.run(SuiteRunner.java:364)
at org.testng.SuiteRunnerWorker.runSuite(SuiteRunnerWorker.java:52)
at org.testng.SuiteRunnerWorker.run(SuiteRunnerWorker.java:84)
at org.testng.TestNG.runSuitesSequentially(TestNG.java:1208)
at org.testng.TestNG.runSuitesLocally(TestNG.java:1137)
at org.testng.TestNG.runSuites(TestNG.java:1049)
at org.testng.TestNG.run(TestNG.java:1017)
at org.testng.remote.AbstractRemoteTestNG.run(AbstractRemoteTestNG.java:114)
at org.testng.remote.RemoteTestNG.initAndRun(RemoteTestNG.java:251)
at org.testng.remote.RemoteTestNG.main(RemoteTestNG.java:77)
]]>
            </full-stacktrace>
          </exception> <!-- java.lang.AssertionError -->
          <reporter-output>
          </reporter-output>
        </test-method> <!-- VerifyUpgradeAccountPageAlertTxtTest -->
        <test-method status="PASS" signature="teardown(org.testng.ITestResult)[pri:0, instance:com.crm.qa.TestCases.UpgradeAccountPageTest@17baae6e]" name="teardown" is-config="true" duration-ms="94" started-at="2018-07-04T13:15:42Z" finished-at="2018-07-04T13:15:42Z">
          <params>
            <param index="0">
              <value>
                <![CDATA[[TestResult name=VerifyUpgradeAccountPageAlertTxtTest status=FAILURE method=UpgradeAccountPageTest.VerifyUpgradeAccountPageAlertTxtTest()[pri:0, instance:com.crm.qa.TestCases.UpgradeAccountPageTest@17baae6e] output={null}]]]>
              </value>
            </param>
          </params>
          <reporter-output>
          </reporter-output>
        </test-method> <!-- teardown -->
        <test-method status="PASS" signature="setup()[pri:0, instance:com.crm.qa.TestCases.UpgradeAccountPageTest@17baae6e]" name="setup" is-config="true" duration-ms="17688" started-at="2018-07-04T13:15:42Z" finished-at="2018-07-04T13:16:00Z">
          <reporter-output>
          </reporter-output>
        </test-method> <!-- setup -->
        <test-method status="PASS" signature="VerifyUpgradeAccountPageHeadingtxtTest()[pri:0, instance:com.crm.qa.TestCases.UpgradeAccountPageTest@17baae6e]" name="VerifyUpgradeAccountPageHeadingtxtTest" duration-ms="1242" started-at="2018-07-04T13:16:00Z" finished-at="2018-07-04T13:16:01Z">
          <reporter-output>
          </reporter-output>
        </test-method> <!-- VerifyUpgradeAccountPageHeadingtxtTest -->
        <test-method status="PASS" signature="teardown(org.testng.ITestResult)[pri:0, instance:com.crm.qa.TestCases.UpgradeAccountPageTest@17baae6e]" name="teardown" is-config="true" duration-ms="84" started-at="2018-07-04T13:16:01Z" finished-at="2018-07-04T13:16:01Z">
          <params>
            <param index="0">
              <value>
                <![CDATA[[TestResult name=VerifyUpgradeAccountPageHeadingtxtTest status=SUCCESS method=UpgradeAccountPageTest.VerifyUpgradeAccountPageHeadingtxtTest()[pri:0, instance:com.crm.qa.TestCases.UpgradeAccountPageTest@17baae6e] output={null}]]]>
              </value>
            </param>
          </params>
          <reporter-output>
          </reporter-output>
        </test-method> <!-- teardown -->
      </class> <!-- com.crm.qa.TestCases.UpgradeAccountPageTest -->
      <class name="com.crm.qa.TestCases.ContactsPageTest">
        <test-method status="PASS" signature="setUp()[pri:0, instance:com.crm.qa.TestCases.ContactsPageTest@27fe3806]" name="setUp" is-config="true" duration-ms="24583" started-at="2018-07-04T13:18:09Z" finished-at="2018-07-04T13:18:33Z">
          <reporter-output>
          </reporter-output>
        </test-method> <!-- setUp -->
        <test-method status="PASS" signature="ValidateCreateNewContactTest(java.lang.String, java.lang.String, java.lang.String)[pri:0, instance:com.crm.qa.TestCases.ContactsPageTest@27fe3806]" name="ValidateCreateNewContactTest" duration-ms="3324" started-at="2018-07-04T13:18:33Z" data-provider="Newcontactdata" finished-at="2018-07-04T13:18:37Z">
          <params>
            <param index="0">
              <value>
                <![CDATA[kumari]]>
              </value>
            </param>
            <param index="1">
              <value>
                <![CDATA[sallu]]>
              </value>
            </param>
            <param index="2">
              <value>
                <![CDATA[TCS]]>
              </value>
            </param>
          </params>
          <reporter-output>
          </reporter-output>
        </test-method> <!-- ValidateCreateNewContactTest -->
        <test-method status="PASS" signature="teardown(org.testng.ITestResult)[pri:0, instance:com.crm.qa.TestCases.ContactsPageTest@27fe3806]" name="teardown" is-config="true" duration-ms="609" started-at="2018-07-04T13:18:37Z" finished-at="2018-07-04T13:18:37Z">
          <params>
            <param index="0">
              <value>
                <![CDATA[[TestResult name=ValidateCreateNewContactTest status=SUCCESS method=ContactsPageTest.ValidateCreateNewContactTest(java.lang.String, java.lang.String, java.lang.String)[pri:0, instance:com.crm.qa.TestCases.ContactsPageTest@27fe3806] output={null}]]]>
              </value>
            </param>
          </params>
          <reporter-output>
          </reporter-output>
        </test-method> <!-- teardown -->
        <test-method status="PASS" signature="setUp()[pri:0, instance:com.crm.qa.TestCases.ContactsPageTest@27fe3806]" name="setUp" is-config="true" duration-ms="19360" started-at="2018-07-04T13:18:37Z" finished-at="2018-07-04T13:18:57Z">
          <reporter-output>
          </reporter-output>
        </test-method> <!-- setUp -->
        <test-method status="PASS" signature="ValidateCreateNewContactTest(java.lang.String, java.lang.String, java.lang.String)[pri:0, instance:com.crm.qa.TestCases.ContactsPageTest@27fe3806]" name="ValidateCreateNewContactTest" duration-ms="2415" started-at="2018-07-04T13:18:57Z" data-provider="Newcontactdata" finished-at="2018-07-04T13:18:59Z">
          <params>
            <param index="0">
              <value>
                <![CDATA[satish]]>
              </value>
            </param>
            <param index="1">
              <value>
                <![CDATA[singh]]>
              </value>
            </param>
            <param index="2">
              <value>
                <![CDATA[wipro]]>
              </value>
            </param>
          </params>
          <reporter-output>
          </reporter-output>
        </test-method> <!-- ValidateCreateNewContactTest -->
        <test-method status="PASS" signature="teardown(org.testng.ITestResult)[pri:0, instance:com.crm.qa.TestCases.ContactsPageTest@27fe3806]" name="teardown" is-config="true" duration-ms="187" started-at="2018-07-04T13:18:59Z" finished-at="2018-07-04T13:18:59Z">
          <params>
            <param index="0">
              <value>
                <![CDATA[[TestResult name=ValidateCreateNewContactTest status=SUCCESS method=ContactsPageTest.ValidateCreateNewContactTest(java.lang.String, java.lang.String, java.lang.String)[pri:0, instance:com.crm.qa.TestCases.ContactsPageTest@27fe3806] output={null}]]]>
              </value>
            </param>
          </params>
          <reporter-output>
          </reporter-output>
        </test-method> <!-- teardown -->
      </class> <!-- com.crm.qa.TestCases.ContactsPageTest -->
      <class name="com.crm.qa.TestCases.HomePageTest">
        <test-method status="PASS" signature="setUp()[pri:0, instance:com.crm.qa.TestCases.HomePageTest@69379752]" name="setUp" is-config="true" duration-ms="23587" started-at="2018-07-04T13:16:01Z" finished-at="2018-07-04T13:16:24Z">
          <reporter-output>
          </reporter-output>
        </test-method> <!-- setUp -->
        <test-method status="PASS" signature="VerifyContactsLinkTest()[pri:0, instance:com.crm.qa.TestCases.HomePageTest@69379752]" name="VerifyContactsLinkTest" duration-ms="415" started-at="2018-07-04T13:16:24Z" finished-at="2018-07-04T13:16:25Z">
          <reporter-output>
          </reporter-output>
        </test-method> <!-- VerifyContactsLinkTest -->
        <test-method status="PASS" signature="tearDown(org.testng.ITestResult)[pri:0, instance:com.crm.qa.TestCases.HomePageTest@69379752]" name="tearDown" is-config="true" duration-ms="1239" started-at="2018-07-04T13:16:25Z" finished-at="2018-07-04T13:16:26Z">
          <params>
            <param index="0">
              <value>
                <![CDATA[[TestResult name=VerifyContactsLinkTest status=SUCCESS method=HomePageTest.VerifyContactsLinkTest()[pri:0, instance:com.crm.qa.TestCases.HomePageTest@69379752] output={null}]]]>
              </value>
            </param>
          </params>
          <reporter-output>
          </reporter-output>
        </test-method> <!-- tearDown -->
        <test-method status="PASS" signature="setUp()[pri:0, instance:com.crm.qa.TestCases.HomePageTest@69379752]" name="setUp" is-config="true" duration-ms="22067" started-at="2018-07-04T13:16:26Z" finished-at="2018-07-04T13:16:48Z">
          <reporter-output>
          </reporter-output>
        </test-method> <!-- setUp -->
        <test-method status="FAIL" signature="VerifyCorrectUserTest()[pri:0, instance:com.crm.qa.TestCases.HomePageTest@69379752]" name="VerifyCorrectUserTest" duration-ms="60023" started-at="2018-07-04T13:16:48Z" finished-at="2018-07-04T13:17:48Z">
          <exception class="org.openqa.selenium.TimeoutException">
            <message>
              <![CDATA[Expected condition failed: waiting for presence of element located by: By.xpath: //td[contains(text(),'User: siva jyothi')] (tried for 60 second(s) with 500 milliseconds interval)]]>
            </message>
            <full-stacktrace>
              <![CDATA[org.openqa.selenium.TimeoutException: Expected condition failed: waiting for presence of element located by: By.xpath: //td[contains(text(),'User: siva jyothi')] (tried for 60 second(s) with 500 milliseconds interval)
at org.openqa.selenium.support.ui.WebDriverWait.timeoutException(WebDriverWait.java:81)
at org.openqa.selenium.support.ui.FluentWait.until(FluentWait.java:271)
at com.crm.qa.pages.HomePage.VerifyCorrectUserName(HomePage.java:47)
at com.crm.qa.TestCases.HomePageTest.VerifyCorrectUserTest(HomePageTest.java:39)
at sun.reflect.NativeMethodAccessorImpl.invoke0(Native Method)
at sun.reflect.NativeMethodAccessorImpl.invoke(Unknown Source)
at sun.reflect.DelegatingMethodAccessorImpl.invoke(Unknown Source)
at java.lang.reflect.Method.invoke(Unknown Source)
at org.testng.internal.MethodInvocationHelper.invokeMethod(MethodInvocationHelper.java:124)
at org.testng.internal.Invoker.invokeMethod(Invoker.java:580)
at org.testng.internal.Invoker.invokeTestMethod(Invoker.java:716)
at org.testng.internal.Invoker.invokeTestMethods(Invoker.java:988)
at org.testng.internal.TestMethodWorker.invokeTestMethods(TestMethodWorker.java:125)
at org.testng.internal.TestMethodWorker.run(TestMethodWorker.java:109)
at org.testng.TestRunner.privateRun(TestRunner.java:648)
at org.testng.TestRunner.run(TestRunner.java:505)
at org.testng.SuiteRunner.runTest(SuiteRunner.java:455)
at org.testng.SuiteRunner.runSequentially(SuiteRunner.java:450)
at org.testng.SuiteRunner.privateRun(SuiteRunner.java:415)
at org.testng.SuiteRunner.run(SuiteRunner.java:364)
at org.testng.SuiteRunnerWorker.runSuite(SuiteRunnerWorker.java:52)
at org.testng.SuiteRunnerWorker.run(SuiteRunnerWorker.java:84)
at org.testng.TestNG.runSuitesSequentially(TestNG.java:1208)
at org.testng.TestNG.runSuitesLocally(TestNG.java:1137)
at org.testng.TestNG.runSuites(TestNG.java:1049)
at org.testng.TestNG.run(TestNG.java:1017)
at org.testng.remote.AbstractRemoteTestNG.run(AbstractRemoteTestNG.java:114)
at org.testng.remote.RemoteTestNG.initAndRun(RemoteTestNG.java:251)
at org.testng.remote.RemoteTestNG.main(RemoteTestNG.java:77)
Caused by: org.openqa.selenium.NoSuchElementException: Cannot locate an element using By.xpath: //td[contains(text(),'User: siva jyothi')]
For documentation on this error, please visit: http://seleniumhq.org/exceptions/no_such_element.html
Build info: version: '3.12.0', revision: '7c6e0b3', time: '2018-05-08T15:15:03.216Z'
System info: host: 'LAPTOP-E765NF1G', ip: '192.168.0.6', os.name: 'Windows 10', os.arch: 'amd64', os.version: '10.0', java.version: '1.8.0_162'
Driver info: driver.version: unknown
at org.openqa.selenium.support.ui.ExpectedConditions.lambda$findElement$0(ExpectedConditions.java:896)
at java.util.Optional.orElseThrow(Unknown Source)
at org.openqa.selenium.support.ui.ExpectedConditions.findElement(ExpectedConditions.java:895)
at org.openqa.selenium.support.ui.ExpectedConditions.access$000(ExpectedConditions.java:44)
at org.openqa.selenium.support.ui.ExpectedConditions$6.apply(ExpectedConditions.java:183)
at org.openqa.selenium.support.ui.ExpectedConditions$6.apply(ExpectedConditions.java:180)
at org.openqa.selenium.support.ui.FluentWait.until(FluentWait.java:248)
... 27 more
]]>
            </full-stacktrace>
          </exception> <!-- org.openqa.selenium.TimeoutException -->
          <reporter-output>
          </reporter-output>
        </test-method> <!-- VerifyCorrectUserTest -->
        <test-method status="PASS" signature="tearDown(org.testng.ITestResult)[pri:0, instance:com.crm.qa.TestCases.HomePageTest@69379752]" name="tearDown" is-config="true" duration-ms="1582" started-at="2018-07-04T13:17:48Z" finished-at="2018-07-04T13:17:50Z">
          <params>
            <param index="0">
              <value>
                <![CDATA[[TestResult name=VerifyCorrectUserTest status=FAILURE method=HomePageTest.VerifyCorrectUserTest()[pri:0, instance:com.crm.qa.TestCases.HomePageTest@69379752] output={null}]]]>
              </value>
            </param>
          </params>
          <reporter-output>
          </reporter-output>
        </test-method> <!-- tearDown -->
        <test-method status="PASS" signature="setUp()[pri:0, instance:com.crm.qa.TestCases.HomePageTest@69379752]" name="setUp" is-config="true" duration-ms="17267" started-at="2018-07-04T13:17:50Z" finished-at="2018-07-04T13:18:07Z">
          <reporter-output>
          </reporter-output>
        </test-method> <!-- setUp -->
        <test-method status="PASS" signature="VerifyHomepageTitleTest()[pri:0, instance:com.crm.qa.TestCases.HomePageTest@69379752]" name="VerifyHomepageTitleTest" duration-ms="44" started-at="2018-07-04T13:18:07Z" finished-at="2018-07-04T13:18:07Z">
          <reporter-output>
          </reporter-output>
        </test-method> <!-- VerifyHomepageTitleTest -->
        <test-method status="PASS" signature="tearDown(org.testng.ITestResult)[pri:0, instance:com.crm.qa.TestCases.HomePageTest@69379752]" name="tearDown" is-config="true" duration-ms="1567" started-at="2018-07-04T13:18:07Z" finished-at="2018-07-04T13:18:09Z">
          <params>
            <param index="0">
              <value>
                <![CDATA[[TestResult name=VerifyHomepageTitleTest status=SUCCESS method=HomePageTest.VerifyHomepageTitleTest()[pri:0, instance:com.crm.qa.TestCases.HomePageTest@69379752] output={null}]]]>
              </value>
            </param>
          </params>
          <reporter-output>
          </reporter-output>
        </test-method> <!-- tearDown -->
      </class> <!-- com.crm.qa.TestCases.HomePageTest -->
      <class name="com.crm.qa.TestCases.LoginPageTest">
        <test-method status="PASS" signature="setUp()[pri:0, instance:com.crm.qa.TestCases.LoginPageTest@44f75083]" name="setUp" is-config="true" duration-ms="15955" started-at="2018-07-04T13:13:00Z" finished-at="2018-07-04T13:13:16Z">
          <reporter-output>
          </reporter-output>
        </test-method> <!-- setUp -->
        <test-method status="PASS" signature="VerifyContactLnkTest()[pri:0, instance:com.crm.qa.TestCases.LoginPageTest@44f75083]" name="VerifyContactLnkTest" duration-ms="3937" started-at="2018-07-04T13:13:16Z" finished-at="2018-07-04T13:13:20Z">
          <reporter-output>
          </reporter-output>
        </test-method> <!-- VerifyContactLnkTest -->
        <test-method status="PASS" signature="tearDown(org.testng.ITestResult)[pri:0, instance:com.crm.qa.TestCases.LoginPageTest@44f75083]" name="tearDown" is-config="true" duration-ms="1145" started-at="2018-07-04T13:13:20Z" finished-at="2018-07-04T13:13:21Z">
          <params>
            <param index="0">
              <value>
                <![CDATA[[TestResult name=VerifyContactLnkTest status=SUCCESS method=LoginPageTest.VerifyContactLnkTest()[pri:0, instance:com.crm.qa.TestCases.LoginPageTest@44f75083] output={null}]]]>
              </value>
            </param>
          </params>
          <reporter-output>
          </reporter-output>
        </test-method> <!-- tearDown -->
      </class> <!-- com.crm.qa.TestCases.LoginPageTest -->
      <class name="com.crm.qa.TestCases.SignUpPageTest">
        <test-method status="PASS" signature="setUp()[pri:0, instance:com.crm.qa.TestCases.SignUpPageTest@2698dc7]" name="setUp" is-config="true" duration-ms="17852" started-at="2018-07-04T13:13:23Z" finished-at="2018-07-04T13:13:40Z">
          <reporter-output>
          </reporter-output>
        </test-method> <!-- setUp -->
        <test-method status="FAIL" signature="SignupPageTest(java.lang.String, java.lang.String, java.lang.String, java.lang.String, java.lang.String, java.lang.String, java.lang.String)[pri:0, instance:com.crm.qa.TestCases.SignUpPageTest@2698dc7]" name="SignupPageTest" duration-ms="11057" started-at="2018-07-04T13:13:40Z" data-provider="signup" finished-at="2018-07-04T13:13:51Z">
          <params>
            <param index="0">
              <value>
                <![CDATA[katie]]>
              </value>
            </param>
            <param index="1">
              <value>
                <![CDATA[hopton]]>
              </value>
            </param>
            <param index="2">
              <value>
                <![CDATA[kat@hotmail.com]]>
              </value>
            </param>
            <param index="3">
              <value>
                <![CDATA[kat@hotmail.com]]>
              </value>
            </param>
            <param index="4">
              <value>
                <![CDATA[summer]]>
              </value>
            </param>
            <param index="5">
              <value>
                <![CDATA[Monday1]]>
              </value>
            </param>
            <param index="6">
              <value>
                <![CDATA[Monday1]]>
              </value>
            </param>
          </params>
          <exception class="org.openqa.selenium.UnhandledAlertException">
            <message>
              <![CDATA[unexpected alert open: {Alert text : Errors were encountered: 

This username is already in use by another user. Please select a different username.
}
  (Session info: chrome=67.0.3396.99)
  (Driver info: chromedriver=2.36.540470 (e522d04694c7ebea4ba8821272dbef4f9b818c91),platform=Windows NT 10.0.17134 x86_64) (WARNING: The server did not provide any stacktrace information)
Command duration or timeout: 0 milliseconds: null
Build info: version: '3.12.0', revision: '7c6e0b3', time: '2018-05-08T15:15:03.216Z'
System info: host: 'LAPTOP-E765NF1G', ip: '192.168.0.6', os.name: 'Windows 10', os.arch: 'amd64', os.version: '10.0', java.version: '1.8.0_162'
Driver info: org.openqa.selenium.chrome.ChromeDriver
Capabilities {acceptInsecureCerts: false, acceptSslCerts: false, applicationCacheEnabled: false, browserConnectionEnabled: false, browserName: chrome, chrome: {chromedriverVersion: 2.36.540470 (e522d04694c7eb..., userDataDir: C:\Users\Harshita\AppData\L...}, cssSelectorsEnabled: true, databaseEnabled: false, handlesAlerts: true, hasTouchScreen: false, javascriptEnabled: true, locationContextEnabled: true, mobileEmulationEnabled: false, nativeEvents: true, networkConnectionEnabled: false, pageLoadStrategy: normal, platform: XP, platformName: XP, rotatable: false, setWindowRect: true, takesHeapSnapshot: true, takesScreenshot: true, unexpectedAlertBehaviour: , unhandledPromptBehavior: , version: 67.0.3396.99, webStorageEnabled: true}
Session ID: 933ed780e655a844a0b4aabb8084527b
*** Element info: {Using=id, value=company_name}]]>
            </message>
            <full-stacktrace>
              <![CDATA[org.openqa.selenium.UnhandledAlertException: unexpected alert open: {Alert text : Errors were encountered: 

This username is already in use by another user. Please select a different username.
}
  (Session info: chrome=67.0.3396.99)
  (Driver info: chromedriver=2.36.540470 (e522d04694c7ebea4ba8821272dbef4f9b818c91),platform=Windows NT 10.0.17134 x86_64) (WARNING: The server did not provide any stacktrace information)
Command duration or timeout: 0 milliseconds: null
Build info: version: '3.12.0', revision: '7c6e0b3', time: '2018-05-08T15:15:03.216Z'
System info: host: 'LAPTOP-E765NF1G', ip: '192.168.0.6', os.name: 'Windows 10', os.arch: 'amd64', os.version: '10.0', java.version: '1.8.0_162'
Driver info: org.openqa.selenium.chrome.ChromeDriver
Capabilities {acceptInsecureCerts: false, acceptSslCerts: false, applicationCacheEnabled: false, browserConnectionEnabled: false, browserName: chrome, chrome: {chromedriverVersion: 2.36.540470 (e522d04694c7eb..., userDataDir: C:\Users\Harshita\AppData\L...}, cssSelectorsEnabled: true, databaseEnabled: false, handlesAlerts: true, hasTouchScreen: false, javascriptEnabled: true, locationContextEnabled: true, mobileEmulationEnabled: false, nativeEvents: true, networkConnectionEnabled: false, pageLoadStrategy: normal, platform: XP, platformName: XP, rotatable: false, setWindowRect: true, takesHeapSnapshot: true, takesScreenshot: true, unexpectedAlertBehaviour: , unhandledPromptBehavior: , version: 67.0.3396.99, webStorageEnabled: true}
Session ID: 933ed780e655a844a0b4aabb8084527b
*** Element info: {Using=id, value=company_name}
at sun.reflect.NativeConstructorAccessorImpl.newInstance0(Native Method)
at sun.reflect.NativeConstructorAccessorImpl.newInstance(Unknown Source)
at sun.reflect.DelegatingConstructorAccessorImpl.newInstance(Unknown Source)
at java.lang.reflect.Constructor.newInstance(Unknown Source)
at org.openqa.selenium.remote.ErrorHandler.createThrowable(ErrorHandler.java:214)
at org.openqa.selenium.remote.ErrorHandler.throwIfResponseFailed(ErrorHandler.java:172)
at org.openqa.selenium.remote.http.JsonHttpResponseCodec.reconstructValue(JsonHttpResponseCodec.java:40)
at org.openqa.selenium.remote.http.AbstractHttpResponseCodec.decode(AbstractHttpResponseCodec.java:80)
at org.openqa.selenium.remote.http.AbstractHttpResponseCodec.decode(AbstractHttpResponseCodec.java:44)
at org.openqa.selenium.remote.HttpCommandExecutor.execute(HttpCommandExecutor.java:158)
at org.openqa.selenium.remote.service.DriverCommandExecutor.execute(DriverCommandExecutor.java:83)
at org.openqa.selenium.remote.RemoteWebDriver.execute(RemoteWebDriver.java:543)
at org.openqa.selenium.remote.RemoteWebDriver.findElement(RemoteWebDriver.java:317)
at org.openqa.selenium.remote.RemoteWebDriver.findElementById(RemoteWebDriver.java:363)
at org.openqa.selenium.By$ById.findElement(By.java:188)
at org.openqa.selenium.remote.RemoteWebDriver.findElement(RemoteWebDriver.java:309)
at sun.reflect.GeneratedMethodAccessor3.invoke(Unknown Source)
at sun.reflect.DelegatingMethodAccessorImpl.invoke(Unknown Source)
at java.lang.reflect.Method.invoke(Unknown Source)
at org.openqa.selenium.support.events.EventFiringWebDriver.lambda$new$1(EventFiringWebDriver.java:103)
at com.sun.proxy.$Proxy12.findElement(Unknown Source)
at org.openqa.selenium.support.events.EventFiringWebDriver.findElement(EventFiringWebDriver.java:186)
at org.openqa.selenium.support.pagefactory.DefaultElementLocator.findElement(DefaultElementLocator.java:69)
at org.openqa.selenium.support.pagefactory.internal.LocatingElementHandler.invoke(LocatingElementHandler.java:38)
at com.sun.proxy.$Proxy10.sendKeys(Unknown Source)
at com.crm.qa.pages.SignupPage.CreateCompanyDetails(SignupPage.java:64)
at com.crm.qa.TestCases.SignUpPageTest.SignupPageTest(SignUpPageTest.java:53)
at sun.reflect.NativeMethodAccessorImpl.invoke0(Native Method)
at sun.reflect.NativeMethodAccessorImpl.invoke(Unknown Source)
at sun.reflect.DelegatingMethodAccessorImpl.invoke(Unknown Source)
at java.lang.reflect.Method.invoke(Unknown Source)
at org.testng.internal.MethodInvocationHelper.invokeMethod(MethodInvocationHelper.java:124)
at org.testng.internal.Invoker.invokeMethod(Invoker.java:580)
at org.testng.internal.Invoker.invokeTestMethod(Invoker.java:716)
at org.testng.internal.Invoker.invokeTestMethods(Invoker.java:988)
at org.testng.internal.TestMethodWorker.invokeTestMethods(TestMethodWorker.java:125)
at org.testng.internal.TestMethodWorker.run(TestMethodWorker.java:109)
at org.testng.TestRunner.privateRun(TestRunner.java:648)
at org.testng.TestRunner.run(TestRunner.java:505)
at org.testng.SuiteRunner.runTest(SuiteRunner.java:455)
at org.testng.SuiteRunner.runSequentially(SuiteRunner.java:450)
at org.testng.SuiteRunner.privateRun(SuiteRunner.java:415)
at org.testng.SuiteRunner.run(SuiteRunner.java:364)
at org.testng.SuiteRunnerWorker.runSuite(SuiteRunnerWorker.java:52)
at org.testng.SuiteRunnerWorker.run(SuiteRunnerWorker.java:84)
at org.testng.TestNG.runSuitesSequentially(TestNG.java:1208)
at org.testng.TestNG.runSuitesLocally(TestNG.java:1137)
at org.testng.TestNG.runSuites(TestNG.java:1049)
at org.testng.TestNG.run(TestNG.java:1017)
at org.testng.remote.AbstractRemoteTestNG.run(AbstractRemoteTestNG.java:114)
at org.testng.remote.RemoteTestNG.initAndRun(RemoteTestNG.java:251)
at org.testng.remote.RemoteTestNG.main(RemoteTestNG.java:77)
]]>
            </full-stacktrace>
          </exception> <!-- org.openqa.selenium.UnhandledAlertException -->
          <reporter-output>
          </reporter-output>
        </test-method> <!-- SignupPageTest -->
        <test-method status="PASS" signature="teardown(org.testng.ITestResult)[pri:0, instance:com.crm.qa.TestCases.SignUpPageTest@2698dc7]" name="teardown" is-config="true" duration-ms="266" started-at="2018-07-04T13:13:51Z" finished-at="2018-07-04T13:13:52Z">
          <params>
            <param index="0">
              <value>
                <![CDATA[[TestResult name=SignupPageTest status=FAILURE method=SignUpPageTest.SignupPageTest(java.lang.String, java.lang.String, java.lang.String, java.lang.String, java.lang.String, java.lang.String, java.lang.String)[pri:0, instance:com.crm.qa.TestCases.SignUpPageTest@2698dc7] output={null}]]]>
              </value>
            </param>
          </params>
          <reporter-output>
          </reporter-output>
        </test-method> <!-- teardown -->
        <test-method status="PASS" signature="setUp()[pri:0, instance:com.crm.qa.TestCases.SignUpPageTest@2698dc7]" name="setUp" is-config="true" duration-ms="20035" started-at="2018-07-04T13:13:52Z" finished-at="2018-07-04T13:14:12Z">
          <reporter-output>
          </reporter-output>
        </test-method> <!-- setUp -->
        <test-method status="FAIL" signature="SignupPageTest(java.lang.String, java.lang.String, java.lang.String, java.lang.String, java.lang.String, java.lang.String, java.lang.String)[pri:0, instance:com.crm.qa.TestCases.SignUpPageTest@2698dc7]" name="SignupPageTest" duration-ms="11286" started-at="2018-07-04T13:14:12Z" data-provider="signup" finished-at="2018-07-04T13:14:23Z">
          <params>
            <param index="0">
              <value>
                <![CDATA[katie]]>
              </value>
            </param>
            <param index="1">
              <value>
                <![CDATA[hopton]]>
              </value>
            </param>
            <param index="2">
              <value>
                <![CDATA[kat@hotmail.com]]>
              </value>
            </param>
            <param index="3">
              <value>
                <![CDATA[kat@hotmail.com]]>
              </value>
            </param>
            <param index="4">
              <value>
                <![CDATA[shivakuma]]>
              </value>
            </param>
            <param index="5">
              <value>
                <![CDATA[Tuesday]]>
              </value>
            </param>
            <param index="6">
              <value>
                <![CDATA[Tuesday]]>
              </value>
            </param>
          </params>
          <exception class="org.openqa.selenium.UnhandledAlertException">
            <message>
              <![CDATA[unexpected alert open: {Alert text : Errors were encountered: 

This username is already in use by another user. Please select a different username.
}
  (Session info: chrome=67.0.3396.99)
  (Driver info: chromedriver=2.36.540470 (e522d04694c7ebea4ba8821272dbef4f9b818c91),platform=Windows NT 10.0.17134 x86_64) (WARNING: The server did not provide any stacktrace information)
Command duration or timeout: 0 milliseconds: null
Build info: version: '3.12.0', revision: '7c6e0b3', time: '2018-05-08T15:15:03.216Z'
System info: host: 'LAPTOP-E765NF1G', ip: '192.168.0.6', os.name: 'Windows 10', os.arch: 'amd64', os.version: '10.0', java.version: '1.8.0_162'
Driver info: org.openqa.selenium.chrome.ChromeDriver
Capabilities {acceptInsecureCerts: false, acceptSslCerts: false, applicationCacheEnabled: false, browserConnectionEnabled: false, browserName: chrome, chrome: {chromedriverVersion: 2.36.540470 (e522d04694c7eb..., userDataDir: C:\Users\Harshita\AppData\L...}, cssSelectorsEnabled: true, databaseEnabled: false, handlesAlerts: true, hasTouchScreen: false, javascriptEnabled: true, locationContextEnabled: true, mobileEmulationEnabled: false, nativeEvents: true, networkConnectionEnabled: false, pageLoadStrategy: normal, platform: XP, platformName: XP, rotatable: false, setWindowRect: true, takesHeapSnapshot: true, takesScreenshot: true, unexpectedAlertBehaviour: , unhandledPromptBehavior: , version: 67.0.3396.99, webStorageEnabled: true}
Session ID: 9ca76a3dc94d69563c83f698a1a658f8
*** Element info: {Using=id, value=company_name}]]>
            </message>
            <full-stacktrace>
              <![CDATA[org.openqa.selenium.UnhandledAlertException: unexpected alert open: {Alert text : Errors were encountered: 

This username is already in use by another user. Please select a different username.
}
  (Session info: chrome=67.0.3396.99)
  (Driver info: chromedriver=2.36.540470 (e522d04694c7ebea4ba8821272dbef4f9b818c91),platform=Windows NT 10.0.17134 x86_64) (WARNING: The server did not provide any stacktrace information)
Command duration or timeout: 0 milliseconds: null
Build info: version: '3.12.0', revision: '7c6e0b3', time: '2018-05-08T15:15:03.216Z'
System info: host: 'LAPTOP-E765NF1G', ip: '192.168.0.6', os.name: 'Windows 10', os.arch: 'amd64', os.version: '10.0', java.version: '1.8.0_162'
Driver info: org.openqa.selenium.chrome.ChromeDriver
Capabilities {acceptInsecureCerts: false, acceptSslCerts: false, applicationCacheEnabled: false, browserConnectionEnabled: false, browserName: chrome, chrome: {chromedriverVersion: 2.36.540470 (e522d04694c7eb..., userDataDir: C:\Users\Harshita\AppData\L...}, cssSelectorsEnabled: true, databaseEnabled: false, handlesAlerts: true, hasTouchScreen: false, javascriptEnabled: true, locationContextEnabled: true, mobileEmulationEnabled: false, nativeEvents: true, networkConnectionEnabled: false, pageLoadStrategy: normal, platform: XP, platformName: XP, rotatable: false, setWindowRect: true, takesHeapSnapshot: true, takesScreenshot: true, unexpectedAlertBehaviour: , unhandledPromptBehavior: , version: 67.0.3396.99, webStorageEnabled: true}
Session ID: 9ca76a3dc94d69563c83f698a1a658f8
*** Element info: {Using=id, value=company_name}
at sun.reflect.NativeConstructorAccessorImpl.newInstance0(Native Method)
at sun.reflect.NativeConstructorAccessorImpl.newInstance(Unknown Source)
at sun.reflect.DelegatingConstructorAccessorImpl.newInstance(Unknown Source)
at java.lang.reflect.Constructor.newInstance(Unknown Source)
at org.openqa.selenium.remote.ErrorHandler.createThrowable(ErrorHandler.java:214)
at org.openqa.selenium.remote.ErrorHandler.throwIfResponseFailed(ErrorHandler.java:172)
at org.openqa.selenium.remote.http.JsonHttpResponseCodec.reconstructValue(JsonHttpResponseCodec.java:40)
at org.openqa.selenium.remote.http.AbstractHttpResponseCodec.decode(AbstractHttpResponseCodec.java:80)
at org.openqa.selenium.remote.http.AbstractHttpResponseCodec.decode(AbstractHttpResponseCodec.java:44)
at org.openqa.selenium.remote.HttpCommandExecutor.execute(HttpCommandExecutor.java:158)
at org.openqa.selenium.remote.service.DriverCommandExecutor.execute(DriverCommandExecutor.java:83)
at org.openqa.selenium.remote.RemoteWebDriver.execute(RemoteWebDriver.java:543)
at org.openqa.selenium.remote.RemoteWebDriver.findElement(RemoteWebDriver.java:317)
at org.openqa.selenium.remote.RemoteWebDriver.findElementById(RemoteWebDriver.java:363)
at org.openqa.selenium.By$ById.findElement(By.java:188)
at org.openqa.selenium.remote.RemoteWebDriver.findElement(RemoteWebDriver.java:309)
at sun.reflect.GeneratedMethodAccessor3.invoke(Unknown Source)
at sun.reflect.DelegatingMethodAccessorImpl.invoke(Unknown Source)
at java.lang.reflect.Method.invoke(Unknown Source)
at org.openqa.selenium.support.events.EventFiringWebDriver.lambda$new$1(EventFiringWebDriver.java:103)
at com.sun.proxy.$Proxy12.findElement(Unknown Source)
at org.openqa.selenium.support.events.EventFiringWebDriver.findElement(EventFiringWebDriver.java:186)
at org.openqa.selenium.support.pagefactory.DefaultElementLocator.findElement(DefaultElementLocator.java:69)
at org.openqa.selenium.support.pagefactory.internal.LocatingElementHandler.invoke(LocatingElementHandler.java:38)
at com.sun.proxy.$Proxy10.sendKeys(Unknown Source)
at com.crm.qa.pages.SignupPage.CreateCompanyDetails(SignupPage.java:64)
at com.crm.qa.TestCases.SignUpPageTest.SignupPageTest(SignUpPageTest.java:53)
at sun.reflect.NativeMethodAccessorImpl.invoke0(Native Method)
at sun.reflect.NativeMethodAccessorImpl.invoke(Unknown Source)
at sun.reflect.DelegatingMethodAccessorImpl.invoke(Unknown Source)
at java.lang.reflect.Method.invoke(Unknown Source)
at org.testng.internal.MethodInvocationHelper.invokeMethod(MethodInvocationHelper.java:124)
at org.testng.internal.Invoker.invokeMethod(Invoker.java:580)
at org.testng.internal.Invoker.invokeTestMethod(Invoker.java:716)
at org.testng.internal.Invoker.invokeTestMethods(Invoker.java:988)
at org.testng.internal.TestMethodWorker.invokeTestMethods(TestMethodWorker.java:125)
at org.testng.internal.TestMethodWorker.run(TestMethodWorker.java:109)
at org.testng.TestRunner.privateRun(TestRunner.java:648)
at org.testng.TestRunner.run(TestRunner.java:505)
at org.testng.SuiteRunner.runTest(SuiteRunner.java:455)
at org.testng.SuiteRunner.runSequentially(SuiteRunner.java:450)
at org.testng.SuiteRunner.privateRun(SuiteRunner.java:415)
at org.testng.SuiteRunner.run(SuiteRunner.java:364)
at org.testng.SuiteRunnerWorker.runSuite(SuiteRunnerWorker.java:52)
at org.testng.SuiteRunnerWorker.run(SuiteRunnerWorker.java:84)
at org.testng.TestNG.runSuitesSequentially(TestNG.java:1208)
at org.testng.TestNG.runSuitesLocally(TestNG.java:1137)
at org.testng.TestNG.runSuites(TestNG.java:1049)
at org.testng.TestNG.run(TestNG.java:1017)
at org.testng.remote.AbstractRemoteTestNG.run(AbstractRemoteTestNG.java:114)
at org.testng.remote.RemoteTestNG.initAndRun(RemoteTestNG.java:251)
at org.testng.remote.RemoteTestNG.main(RemoteTestNG.java:77)
]]>
            </full-stacktrace>
          </exception> <!-- org.openqa.selenium.UnhandledAlertException -->
          <reporter-output>
          </reporter-output>
        </test-method> <!-- SignupPageTest -->
        <test-method status="PASS" signature="teardown(org.testng.ITestResult)[pri:0, instance:com.crm.qa.TestCases.SignUpPageTest@2698dc7]" name="teardown" is-config="true" duration-ms="253" started-at="2018-07-04T13:14:23Z" finished-at="2018-07-04T13:14:23Z">
          <params>
            <param index="0">
              <value>
                <![CDATA[[TestResult name=SignupPageTest status=FAILURE method=SignUpPageTest.SignupPageTest(java.lang.String, java.lang.String, java.lang.String, java.lang.String, java.lang.String, java.lang.String, java.lang.String)[pri:0, instance:com.crm.qa.TestCases.SignUpPageTest@2698dc7] output={null}]]]>
              </value>
            </param>
          </params>
          <reporter-output>
          </reporter-output>
        </test-method> <!-- teardown -->
        <test-method status="PASS" signature="setUp()[pri:0, instance:com.crm.qa.TestCases.SignUpPageTest@2698dc7]" name="setUp" is-config="true" duration-ms="17988" started-at="2018-07-04T13:14:23Z" finished-at="2018-07-04T13:14:41Z">
          <reporter-output>
          </reporter-output>
        </test-method> <!-- setUp -->
        <test-method status="FAIL" signature="SignupPageTest(java.lang.String, java.lang.String, java.lang.String, java.lang.String, java.lang.String, java.lang.String, java.lang.String)[pri:0, instance:com.crm.qa.TestCases.SignUpPageTest@2698dc7]" name="SignupPageTest" duration-ms="11410" started-at="2018-07-04T13:14:41Z" data-provider="signup" finished-at="2018-07-04T13:14:53Z">
          <params>
            <param index="0">
              <value>
                <![CDATA[katie]]>
              </value>
            </param>
            <param index="1">
              <value>
                <![CDATA[hopton]]>
              </value>
            </param>
            <param index="2">
              <value>
                <![CDATA[kat@hotmail.com]]>
              </value>
            </param>
            <param index="3">
              <value>
                <![CDATA[kat@hotmail.com]]>
              </value>
            </param>
            <param index="4">
              <value>
                <![CDATA[goldplant]]>
              </value>
            </param>
            <param index="5">
              <value>
                <![CDATA[Wednesday]]>
              </value>
            </param>
            <param index="6">
              <value>
                <![CDATA[Wednesday]]>
              </value>
            </param>
          </params>
          <exception class="org.openqa.selenium.UnhandledAlertException">
            <message>
              <![CDATA[unexpected alert open: {Alert text : Errors were encountered: 

This username is already in use by another user. Please select a different username.
}
  (Session info: chrome=67.0.3396.99)
  (Driver info: chromedriver=2.36.540470 (e522d04694c7ebea4ba8821272dbef4f9b818c91),platform=Windows NT 10.0.17134 x86_64) (WARNING: The server did not provide any stacktrace information)
Command duration or timeout: 0 milliseconds: null
Build info: version: '3.12.0', revision: '7c6e0b3', time: '2018-05-08T15:15:03.216Z'
System info: host: 'LAPTOP-E765NF1G', ip: '192.168.0.6', os.name: 'Windows 10', os.arch: 'amd64', os.version: '10.0', java.version: '1.8.0_162'
Driver info: org.openqa.selenium.chrome.ChromeDriver
Capabilities {acceptInsecureCerts: false, acceptSslCerts: false, applicationCacheEnabled: false, browserConnectionEnabled: false, browserName: chrome, chrome: {chromedriverVersion: 2.36.540470 (e522d04694c7eb..., userDataDir: C:\Users\Harshita\AppData\L...}, cssSelectorsEnabled: true, databaseEnabled: false, handlesAlerts: true, hasTouchScreen: false, javascriptEnabled: true, locationContextEnabled: true, mobileEmulationEnabled: false, nativeEvents: true, networkConnectionEnabled: false, pageLoadStrategy: normal, platform: XP, platformName: XP, rotatable: false, setWindowRect: true, takesHeapSnapshot: true, takesScreenshot: true, unexpectedAlertBehaviour: , unhandledPromptBehavior: , version: 67.0.3396.99, webStorageEnabled: true}
Session ID: baeabab9412019ea3317c7b703f6bc15
*** Element info: {Using=id, value=company_name}]]>
            </message>
            <full-stacktrace>
              <![CDATA[org.openqa.selenium.UnhandledAlertException: unexpected alert open: {Alert text : Errors were encountered: 

This username is already in use by another user. Please select a different username.
}
  (Session info: chrome=67.0.3396.99)
  (Driver info: chromedriver=2.36.540470 (e522d04694c7ebea4ba8821272dbef4f9b818c91),platform=Windows NT 10.0.17134 x86_64) (WARNING: The server did not provide any stacktrace information)
Command duration or timeout: 0 milliseconds: null
Build info: version: '3.12.0', revision: '7c6e0b3', time: '2018-05-08T15:15:03.216Z'
System info: host: 'LAPTOP-E765NF1G', ip: '192.168.0.6', os.name: 'Windows 10', os.arch: 'amd64', os.version: '10.0', java.version: '1.8.0_162'
Driver info: org.openqa.selenium.chrome.ChromeDriver
Capabilities {acceptInsecureCerts: false, acceptSslCerts: false, applicationCacheEnabled: false, browserConnectionEnabled: false, browserName: chrome, chrome: {chromedriverVersion: 2.36.540470 (e522d04694c7eb..., userDataDir: C:\Users\Harshita\AppData\L...}, cssSelectorsEnabled: true, databaseEnabled: false, handlesAlerts: true, hasTouchScreen: false, javascriptEnabled: true, locationContextEnabled: true, mobileEmulationEnabled: false, nativeEvents: true, networkConnectionEnabled: false, pageLoadStrategy: normal, platform: XP, platformName: XP, rotatable: false, setWindowRect: true, takesHeapSnapshot: true, takesScreenshot: true, unexpectedAlertBehaviour: , unhandledPromptBehavior: , version: 67.0.3396.99, webStorageEnabled: true}
Session ID: baeabab9412019ea3317c7b703f6bc15
*** Element info: {Using=id, value=company_name}
at sun.reflect.NativeConstructorAccessorImpl.newInstance0(Native Method)
at sun.reflect.NativeConstructorAccessorImpl.newInstance(Unknown Source)
at sun.reflect.DelegatingConstructorAccessorImpl.newInstance(Unknown Source)
at java.lang.reflect.Constructor.newInstance(Unknown Source)
at org.openqa.selenium.remote.ErrorHandler.createThrowable(ErrorHandler.java:214)
at org.openqa.selenium.remote.ErrorHandler.throwIfResponseFailed(ErrorHandler.java:172)
at org.openqa.selenium.remote.http.JsonHttpResponseCodec.reconstructValue(JsonHttpResponseCodec.java:40)
at org.openqa.selenium.remote.http.AbstractHttpResponseCodec.decode(AbstractHttpResponseCodec.java:80)
at org.openqa.selenium.remote.http.AbstractHttpResponseCodec.decode(AbstractHttpResponseCodec.java:44)
at org.openqa.selenium.remote.HttpCommandExecutor.execute(HttpCommandExecutor.java:158)
at org.openqa.selenium.remote.service.DriverCommandExecutor.execute(DriverCommandExecutor.java:83)
at org.openqa.selenium.remote.RemoteWebDriver.execute(RemoteWebDriver.java:543)
at org.openqa.selenium.remote.RemoteWebDriver.findElement(RemoteWebDriver.java:317)
at org.openqa.selenium.remote.RemoteWebDriver.findElementById(RemoteWebDriver.java:363)
at org.openqa.selenium.By$ById.findElement(By.java:188)
at org.openqa.selenium.remote.RemoteWebDriver.findElement(RemoteWebDriver.java:309)
at sun.reflect.GeneratedMethodAccessor3.invoke(Unknown Source)
at sun.reflect.DelegatingMethodAccessorImpl.invoke(Unknown Source)
at java.lang.reflect.Method.invoke(Unknown Source)
at org.openqa.selenium.support.events.EventFiringWebDriver.lambda$new$1(EventFiringWebDriver.java:103)
at com.sun.proxy.$Proxy12.findElement(Unknown Source)
at org.openqa.selenium.support.events.EventFiringWebDriver.findElement(EventFiringWebDriver.java:186)
at org.openqa.selenium.support.pagefactory.DefaultElementLocator.findElement(DefaultElementLocator.java:69)
at org.openqa.selenium.support.pagefactory.internal.LocatingElementHandler.invoke(LocatingElementHandler.java:38)
at com.sun.proxy.$Proxy10.sendKeys(Unknown Source)
at com.crm.qa.pages.SignupPage.CreateCompanyDetails(SignupPage.java:64)
at com.crm.qa.TestCases.SignUpPageTest.SignupPageTest(SignUpPageTest.java:53)
at sun.reflect.NativeMethodAccessorImpl.invoke0(Native Method)
at sun.reflect.NativeMethodAccessorImpl.invoke(Unknown Source)
at sun.reflect.DelegatingMethodAccessorImpl.invoke(Unknown Source)
at java.lang.reflect.Method.invoke(Unknown Source)
at org.testng.internal.MethodInvocationHelper.invokeMethod(MethodInvocationHelper.java:124)
at org.testng.internal.Invoker.invokeMethod(Invoker.java:580)
at org.testng.internal.Invoker.invokeTestMethod(Invoker.java:716)
at org.testng.internal.Invoker.invokeTestMethods(Invoker.java:988)
at org.testng.internal.TestMethodWorker.invokeTestMethods(TestMethodWorker.java:125)
at org.testng.internal.TestMethodWorker.run(TestMethodWorker.java:109)
at org.testng.TestRunner.privateRun(TestRunner.java:648)
at org.testng.TestRunner.run(TestRunner.java:505)
at org.testng.SuiteRunner.runTest(SuiteRunner.java:455)
at org.testng.SuiteRunner.runSequentially(SuiteRunner.java:450)
at org.testng.SuiteRunner.privateRun(SuiteRunner.java:415)
at org.testng.SuiteRunner.run(SuiteRunner.java:364)
at org.testng.SuiteRunnerWorker.runSuite(SuiteRunnerWorker.java:52)
at org.testng.SuiteRunnerWorker.run(SuiteRunnerWorker.java:84)
at org.testng.TestNG.runSuitesSequentially(TestNG.java:1208)
at org.testng.TestNG.runSuitesLocally(TestNG.java:1137)
at org.testng.TestNG.runSuites(TestNG.java:1049)
at org.testng.TestNG.run(TestNG.java:1017)
at org.testng.remote.AbstractRemoteTestNG.run(AbstractRemoteTestNG.java:114)
at org.testng.remote.RemoteTestNG.initAndRun(RemoteTestNG.java:251)
at org.testng.remote.RemoteTestNG.main(RemoteTestNG.java:77)
]]>
            </full-stacktrace>
          </exception> <!-- org.openqa.selenium.UnhandledAlertException -->
          <reporter-output>
          </reporter-output>
        </test-method> <!-- SignupPageTest -->
        <test-method status="PASS" signature="teardown(org.testng.ITestResult)[pri:0, instance:com.crm.qa.TestCases.SignUpPageTest@2698dc7]" name="teardown" is-config="true" duration-ms="2268" started-at="2018-07-04T13:14:53Z" finished-at="2018-07-04T13:14:55Z">
          <params>
            <param index="0">
              <value>
                <![CDATA[[TestResult name=SignupPageTest status=FAILURE method=SignUpPageTest.SignupPageTest(java.lang.String, java.lang.String, java.lang.String, java.lang.String, java.lang.String, java.lang.String, java.lang.String)[pri:0, instance:com.crm.qa.TestCases.SignUpPageTest@2698dc7] output={null}]]]>
              </value>
            </param>
          </params>
          <reporter-output>
          </reporter-output>
        </test-method> <!-- teardown -->
      </class> <!-- com.crm.qa.TestCases.SignUpPageTest -->
      <class name="com.crm.qa.TestCases.HelpPageTest">
        <test-method status="PASS" signature="setup()[pri:0, instance:com.crm.qa.TestCases.HelpPageTest@6366ebe0]" name="setup" is-config="true" duration-ms="22821" started-at="2018-07-04T13:11:51Z" finished-at="2018-07-04T13:12:14Z">
          <reporter-output>
          </reporter-output>
        </test-method> <!-- setup -->
        <test-method status="PASS" signature="VerifyStarthereLnkTest()[pri:0, instance:com.crm.qa.TestCases.HelpPageTest@6366ebe0]" name="VerifyStarthereLnkTest" duration-ms="4610" started-at="2018-07-04T13:12:14Z" finished-at="2018-07-04T13:12:19Z">
          <reporter-output>
          </reporter-output>
        </test-method> <!-- VerifyStarthereLnkTest -->
        <test-method status="PASS" signature="tearDown(org.testng.ITestResult)[pri:0, instance:com.crm.qa.TestCases.HelpPageTest@6366ebe0]" name="tearDown" is-config="true" duration-ms="1123" started-at="2018-07-04T13:12:19Z" finished-at="2018-07-04T13:12:20Z">
          <params>
            <param index="0">
              <value>
                <![CDATA[[TestResult name=VerifyStarthereLnkTest status=SUCCESS method=HelpPageTest.VerifyStarthereLnkTest()[pri:0, instance:com.crm.qa.TestCases.HelpPageTest@6366ebe0] output={null}]]]>
              </value>
            </param>
          </params>
          <reporter-output>
          </reporter-output>
        </test-method> <!-- tearDown -->
        <test-method status="PASS" signature="setup()[pri:0, instance:com.crm.qa.TestCases.HelpPageTest@6366ebe0]" name="setup" is-config="true" duration-ms="19675" started-at="2018-07-04T13:12:20Z" finished-at="2018-07-04T13:12:39Z">
          <reporter-output>
          </reporter-output>
        </test-method> <!-- setup -->
        <test-method status="PASS" signature="verifyAdvancedTopicsLnkTest()[pri:0, instance:com.crm.qa.TestCases.HelpPageTest@6366ebe0]" name="verifyAdvancedTopicsLnkTest" duration-ms="3647" started-at="2018-07-04T13:12:39Z" finished-at="2018-07-04T13:12:43Z">
          <reporter-output>
          </reporter-output>
        </test-method> <!-- verifyAdvancedTopicsLnkTest -->
        <test-method status="PASS" signature="tearDown(org.testng.ITestResult)[pri:0, instance:com.crm.qa.TestCases.HelpPageTest@6366ebe0]" name="tearDown" is-config="true" duration-ms="1216" started-at="2018-07-04T13:12:43Z" finished-at="2018-07-04T13:12:44Z">
          <params>
            <param index="0">
              <value>
                <![CDATA[[TestResult name=verifyAdvancedTopicsLnkTest status=SUCCESS method=HelpPageTest.verifyAdvancedTopicsLnkTest()[pri:0, instance:com.crm.qa.TestCases.HelpPageTest@6366ebe0] output={null}]]]>
              </value>
            </param>
          </params>
          <reporter-output>
          </reporter-output>
        </test-method> <!-- tearDown -->
        <test-method status="PASS" signature="setup()[pri:0, instance:com.crm.qa.TestCases.HelpPageTest@6366ebe0]" name="setup" is-config="true" duration-ms="13621" started-at="2018-07-04T13:12:44Z" finished-at="2018-07-04T13:12:58Z">
          <reporter-output>
          </reporter-output>
        </test-method> <!-- setup -->
        <test-method status="PASS" signature="verifyHelpPageHeadingTest()[pri:0, instance:com.crm.qa.TestCases.HelpPageTest@6366ebe0]" name="verifyHelpPageHeadingTest" duration-ms="1396" started-at="2018-07-04T13:12:58Z" finished-at="2018-07-04T13:12:59Z">
          <reporter-output>
          </reporter-output>
        </test-method> <!-- verifyHelpPageHeadingTest -->
        <test-method status="PASS" signature="tearDown(org.testng.ITestResult)[pri:0, instance:com.crm.qa.TestCases.HelpPageTest@6366ebe0]" name="tearDown" is-config="true" duration-ms="1032" started-at="2018-07-04T13:12:59Z" finished-at="2018-07-04T13:13:00Z">
          <params>
            <param index="0">
              <value>
                <![CDATA[[TestResult name=verifyHelpPageHeadingTest status=SUCCESS method=HelpPageTest.verifyHelpPageHeadingTest()[pri:0, instance:com.crm.qa.TestCases.HelpPageTest@6366ebe0] output={null}]]]>
              </value>
            </param>
          </params>
          <reporter-output>
          </reporter-output>
        </test-method> <!-- tearDown -->
      </class> <!-- com.crm.qa.TestCases.HelpPageTest -->
    </test> <!-- Test -->
  </suite> <!-- FreeCRMTestCases -->
</testng-results>
